Oct 01, 2018 5:55:27 PM org.apache.catalina.startup.VersionLoggerListener log
INFO: Server version:        Apache Tomcat/7.0.91
Oct 01, 2018 5:55:27 PM org.apache.catalina.startup.VersionLoggerListener log
INFO: Server built:          Sep 13 2018 19:52:12 UTC
Oct 01, 2018 5:55:27 PM org.apache.catalina.startup.VersionLoggerListener log
INFO: Server number:         7.0.91.0
Oct 01, 2018 5:55:27 PM org.apache.catalina.startup.VersionLoggerListener log
INFO: OS Name:               Linux
Oct 01, 2018 5:55:27 PM org.apache.catalina.startup.VersionLoggerListener log
INFO: OS Version:            4.15.0-22-generic
Oct 01, 2018 5:55:27 PM org.apache.catalina.startup.VersionLoggerListener log
INFO: Architecture:          amd64
Oct 01, 2018 5:55:27 PM org.apache.catalina.startup.VersionLoggerListener log
INFO: Java Home:             /usr/lib/jvm/java-11-openjdk-amd64
Oct 01, 2018 5:55:27 PM org.apache.catalina.startup.VersionLoggerListener log
INFO: JVM Version:           10.0.1+10-Ubuntu-3ubuntu1
Oct 01, 2018 5:55:27 PM org.apache.catalina.startup.VersionLoggerListener log
INFO: JVM Vendor:            Oracle Corporation
Oct 01, 2018 5:55:27 PM org.apache.catalina.startup.VersionLoggerListener log
INFO: CATALINA_BASE:         /home/gerry/Desktop/apache-tomcat-7.0.91
Oct 01, 2018 5:55:27 PM org.apache.catalina.startup.VersionLoggerListener log
INFO: CATALINA_HOME:         /home/gerry/Desktop/apache-tomcat-7.0.91
Oct 01, 2018 5:55:27 PM org.apache.catalina.startup.VersionLoggerListener log
INFO: Command line argument: --add-opens=java.base/java.lang=ALL-UNNAMED
Oct 01, 2018 5:55:27 PM org.apache.catalina.startup.VersionLoggerListener log
INFO: Command line argument: --add-opens=java.base/java.io=ALL-UNNAMED
Oct 01, 2018 5:55:27 PM org.apache.catalina.startup.VersionLoggerListener log
INFO: Command line argument: --add-opens=java.rmi/sun.rmi.transport=ALL-UNNAMED
Oct 01, 2018 5:55:27 PM org.apache.catalina.startup.VersionLoggerListener log
INFO: Command line argument: -Djava.util.logging.config.file=/home/gerry/Desktop/apache-tomcat-7.0.91/conf/logging.properties
Oct 01, 2018 5:55:27 PM org.apache.catalina.startup.VersionLoggerListener log
INFO: Command line argument: -Djava.util.logging.manager=org.apache.juli.ClassLoaderLogManager
Oct 01, 2018 5:55:27 PM org.apache.catalina.startup.VersionLoggerListener log
INFO: Command line argument: -Djdk.tls.ephemeralDHKeySize=2048
Oct 01, 2018 5:55:27 PM org.apache.catalina.startup.VersionLoggerListener log
INFO: Command line argument: -Dignore.endorsed.dirs=
Oct 01, 2018 5:55:27 PM org.apache.catalina.startup.VersionLoggerListener log
INFO: Command line argument: -Dcatalina.base=/home/gerry/Desktop/apache-tomcat-7.0.91
Oct 01, 2018 5:55:27 PM org.apache.catalina.startup.VersionLoggerListener log
INFO: Command line argument: -Dcatalina.home=/home/gerry/Desktop/apache-tomcat-7.0.91
Oct 01, 2018 5:55:27 PM org.apache.catalina.startup.VersionLoggerListener log
INFO: Command line argument: -Djava.io.tmpdir=/home/gerry/Desktop/apache-tomcat-7.0.91/temp
Oct 01, 2018 5:55:27 PM org.apache.catalina.core.AprLifecycleListener lifecycleEvent
INFO: The APR based Apache Tomcat Native library which allows optimal performance in production environments was not found on the java.library.path: /usr/java/packages/lib:/usr/lib/x86_64-linux-gnu/jni:/lib/x86_64-linux-gnu:/usr/lib/x86_64-linux-gnu:/usr/lib/jni:/lib:/usr/lib
Oct 01, 2018 5:55:27 PM org.apache.coyote.AbstractProtocol init
INFO: Initializing ProtocolHandler ["http-bio-8080"]
Oct 01, 2018 5:55:27 PM org.apache.coyote.AbstractProtocol init
INFO: Initializing ProtocolHandler ["ajp-bio-8009"]
Oct 01, 2018 5:55:27 PM org.apache.catalina.startup.Catalina load
INFO: Initialization processed in 1500 ms
Oct 01, 2018 5:55:27 PM org.apache.catalina.core.StandardService startInternal
INFO: Starting service Catalina
Oct 01, 2018 5:55:27 PM org.apache.catalina.core.StandardEngine startInternal
INFO: Starting Servlet Engine: Apache Tomcat/7.0.91
Oct 01, 2018 5:55:27 PM org.apache.catalina.startup.HostConfig deployDirectory
INFO: Deploying web application directory /home/gerry/Desktop/apache-tomcat-7.0.91/webapps/manager
Oct 01, 2018 5:55:28 PM org.apache.catalina.startup.TldConfig execute
INFO: At least one JAR was scanned for TLDs yet contained no TLDs. Enable debug logging for this logger for a complete list of JARs that were scanned but no TLDs were found in them. Skipping unneeded JARs during scanning can improve startup time and JSP compilation time.
Oct 01, 2018 5:55:28 PM org.apache.catalina.startup.HostConfig deployDirectory
INFO: Deployment of web application directory /home/gerry/Desktop/apache-tomcat-7.0.91/webapps/manager has finished in 1,011 ms
Oct 01, 2018 5:55:28 PM org.apache.catalina.startup.HostConfig deployDirectory
INFO: Deploying web application directory /home/gerry/Desktop/apache-tomcat-7.0.91/webapps/host-manager
Oct 01, 2018 5:55:28 PM org.apache.catalina.startup.TldConfig execute
INFO: At least one JAR was scanned for TLDs yet contained no TLDs. Enable debug logging for this logger for a complete list of JARs that were scanned but no TLDs were found in them. Skipping unneeded JARs during scanning can improve startup time and JSP compilation time.
Oct 01, 2018 5:55:28 PM org.apache.catalina.startup.HostConfig deployDirectory
INFO: Deployment of web application directory /home/gerry/Desktop/apache-tomcat-7.0.91/webapps/host-manager has finished in 65 ms
Oct 01, 2018 5:55:28 PM org.apache.catalina.startup.HostConfig deployDirectory
INFO: Deploying web application directory /home/gerry/Desktop/apache-tomcat-7.0.91/webapps/examples
Oct 01, 2018 5:55:29 PM org.apache.catalina.startup.TldConfig execute
INFO: At least one JAR was scanned for TLDs yet contained no TLDs. Enable debug logging for this logger for a complete list of JARs that were scanned but no TLDs were found in them. Skipping unneeded JARs during scanning can improve startup time and JSP compilation time.
Oct 01, 2018 5:55:29 PM org.apache.catalina.startup.HostConfig deployDirectory
INFO: Deployment of web application directory /home/gerry/Desktop/apache-tomcat-7.0.91/webapps/examples has finished in 255 ms
Oct 01, 2018 5:55:29 PM org.apache.catalina.startup.HostConfig deployDirectory
INFO: Deploying web application directory /home/gerry/Desktop/apache-tomcat-7.0.91/webapps/ROOT
Oct 01, 2018 5:55:29 PM org.apache.catalina.startup.TldConfig execute
INFO: At least one JAR was scanned for TLDs yet contained no TLDs. Enable debug logging for this logger for a complete list of JARs that were scanned but no TLDs were found in them. Skipping unneeded JARs during scanning can improve startup time and JSP compilation time.
Oct 01, 2018 5:55:29 PM org.apache.catalina.startup.HostConfig deployDirectory
INFO: Deployment of web application directory /home/gerry/Desktop/apache-tomcat-7.0.91/webapps/ROOT has finished in 35 ms
Oct 01, 2018 5:55:29 PM org.apache.catalina.startup.HostConfig deployDirectory
INFO: Deploying web application directory /home/gerry/Desktop/apache-tomcat-7.0.91/webapps/docs
Oct 01, 2018 5:55:29 PM org.apache.catalina.startup.TldConfig execute
INFO: At least one JAR was scanned for TLDs yet contained no TLDs. Enable debug logging for this logger for a complete list of JARs that were scanned but no TLDs were found in them. Skipping unneeded JARs during scanning can improve startup time and JSP compilation time.
Oct 01, 2018 5:55:29 PM org.apache.catalina.startup.HostConfig deployDirectory
INFO: Deployment of web application directory /home/gerry/Desktop/apache-tomcat-7.0.91/webapps/docs has finished in 39 ms
Oct 01, 2018 5:55:29 PM org.apache.coyote.AbstractProtocol start
INFO: Starting ProtocolHandler ["http-bio-8080"]
Oct 01, 2018 5:55:29 PM org.apache.coyote.AbstractProtocol start
INFO: Starting ProtocolHandler ["ajp-bio-8009"]
Oct 01, 2018 5:55:29 PM org.apache.catalina.startup.Catalina start
INFO: Server startup in 1594 ms
Oct 01, 2018 5:58:25 PM org.apache.catalina.core.StandardServer await
INFO: A valid shutdown command was received via the shutdown port. Stopping the Server instance.
Oct 01, 2018 5:58:25 PM org.apache.coyote.AbstractProtocol pause
INFO: Pausing ProtocolHandler ["http-bio-8080"]
Oct 01, 2018 5:58:25 PM org.apache.coyote.AbstractProtocol pause
INFO: Pausing ProtocolHandler ["ajp-bio-8009"]
Oct 01, 2018 5:58:25 PM org.apache.catalina.core.StandardService stopInternal
INFO: Stopping service Catalina
Oct 01, 2018 5:58:26 PM org.apache.coyote.AbstractProtocol stop
INFO: Stopping ProtocolHandler ["http-bio-8080"]
Oct 01, 2018 5:58:26 PM org.apache.coyote.AbstractProtocol stop
INFO: Stopping ProtocolHandler ["ajp-bio-8009"]
Oct 01, 2018 5:58:26 PM org.apache.coyote.AbstractProtocol destroy
INFO: Destroying ProtocolHandler ["http-bio-8080"]
Oct 01, 2018 5:58:26 PM org.apache.coyote.AbstractProtocol destroy
INFO: Destroying ProtocolHandler ["ajp-bio-8009"]
Oct 01, 2018 6:00:35 PM org.apache.catalina.startup.VersionLoggerListener log
INFO: Server version:        Apache Tomcat/7.0.91
Oct 01, 2018 6:00:35 PM org.apache.catalina.startup.VersionLoggerListener log
INFO: Server built:          Sep 13 2018 19:52:12 UTC
Oct 01, 2018 6:00:35 PM org.apache.catalina.startup.VersionLoggerListener log
INFO: Server number:         7.0.91.0
Oct 01, 2018 6:00:35 PM org.apache.catalina.startup.VersionLoggerListener log
INFO: OS Name:               Linux
Oct 01, 2018 6:00:35 PM org.apache.catalina.startup.VersionLoggerListener log
INFO: OS Version:            4.15.0-22-generic
Oct 01, 2018 6:00:35 PM org.apache.catalina.startup.VersionLoggerListener log
INFO: Architecture:          amd64
Oct 01, 2018 6:00:35 PM org.apache.catalina.startup.VersionLoggerListener log
INFO: Java Home:             /usr/lib/jvm/java-11-openjdk-amd64
Oct 01, 2018 6:00:35 PM org.apache.catalina.startup.VersionLoggerListener log
INFO: JVM Version:           10.0.1+10-Ubuntu-3ubuntu1
Oct 01, 2018 6:00:35 PM org.apache.catalina.startup.VersionLoggerListener log
INFO: JVM Vendor:            Oracle Corporation
Oct 01, 2018 6:00:35 PM org.apache.catalina.startup.VersionLoggerListener log
INFO: CATALINA_BASE:         /home/gerry/Desktop/apache-tomcat-7.0.91
Oct 01, 2018 6:00:35 PM org.apache.catalina.startup.VersionLoggerListener log
INFO: CATALINA_HOME:         /home/gerry/Desktop/apache-tomcat-7.0.91
Oct 01, 2018 6:00:35 PM org.apache.catalina.startup.VersionLoggerListener log
INFO: Command line argument: --add-opens=java.base/java.lang=ALL-UNNAMED
Oct 01, 2018 6:00:35 PM org.apache.catalina.startup.VersionLoggerListener log
INFO: Command line argument: --add-opens=java.base/java.io=ALL-UNNAMED
Oct 01, 2018 6:00:35 PM org.apache.catalina.startup.VersionLoggerListener log
INFO: Command line argument: --add-opens=java.rmi/sun.rmi.transport=ALL-UNNAMED
Oct 01, 2018 6:00:35 PM org.apache.catalina.startup.VersionLoggerListener log
INFO: Command line argument: -Djava.util.logging.config.file=/home/gerry/Desktop/apache-tomcat-7.0.91/conf/logging.properties
Oct 01, 2018 6:00:35 PM org.apache.catalina.startup.VersionLoggerListener log
INFO: Command line argument: -Djava.util.logging.manager=org.apache.juli.ClassLoaderLogManager
Oct 01, 2018 6:00:35 PM org.apache.catalina.startup.VersionLoggerListener log
INFO: Command line argument: -Djdk.tls.ephemeralDHKeySize=2048
Oct 01, 2018 6:00:35 PM org.apache.catalina.startup.VersionLoggerListener log
INFO: Command line argument: -Dignore.endorsed.dirs=
Oct 01, 2018 6:00:35 PM org.apache.catalina.startup.VersionLoggerListener log
INFO: Command line argument: -Dcatalina.base=/home/gerry/Desktop/apache-tomcat-7.0.91
Oct 01, 2018 6:00:35 PM org.apache.catalina.startup.VersionLoggerListener log
INFO: Command line argument: -Dcatalina.home=/home/gerry/Desktop/apache-tomcat-7.0.91
Oct 01, 2018 6:00:35 PM org.apache.catalina.startup.VersionLoggerListener log
INFO: Command line argument: -Djava.io.tmpdir=/home/gerry/Desktop/apache-tomcat-7.0.91/temp
Oct 01, 2018 6:00:35 PM org.apache.catalina.core.AprLifecycleListener lifecycleEvent
INFO: The APR based Apache Tomcat Native library which allows optimal performance in production environments was not found on the java.library.path: /usr/java/packages/lib:/usr/lib/x86_64-linux-gnu/jni:/lib/x86_64-linux-gnu:/usr/lib/x86_64-linux-gnu:/usr/lib/jni:/lib:/usr/lib
Oct 01, 2018 6:00:35 PM org.apache.coyote.AbstractProtocol init
INFO: Initializing ProtocolHandler ["http-bio-8080"]
Oct 01, 2018 6:00:36 PM org.apache.coyote.AbstractProtocol init
INFO: Initializing ProtocolHandler ["ajp-bio-8009"]
Oct 01, 2018 6:00:36 PM org.apache.catalina.startup.Catalina load
INFO: Initialization processed in 617 ms
Oct 01, 2018 6:00:36 PM org.apache.catalina.core.StandardService startInternal
INFO: Starting service Catalina
Oct 01, 2018 6:00:36 PM org.apache.catalina.core.StandardEngine startInternal
INFO: Starting Servlet Engine: Apache Tomcat/7.0.91
Oct 01, 2018 6:00:36 PM org.apache.catalina.startup.HostConfig deployDirectory
INFO: Deploying web application directory /home/gerry/Desktop/apache-tomcat-7.0.91/webapps/manager
Oct 01, 2018 6:00:36 PM org.apache.catalina.startup.TldConfig execute
INFO: At least one JAR was scanned for TLDs yet contained no TLDs. Enable debug logging for this logger for a complete list of JARs that were scanned but no TLDs were found in them. Skipping unneeded JARs during scanning can improve startup time and JSP compilation time.
Oct 01, 2018 6:00:36 PM org.apache.catalina.startup.HostConfig deployDirectory
INFO: Deployment of web application directory /home/gerry/Desktop/apache-tomcat-7.0.91/webapps/manager has finished in 632 ms
Oct 01, 2018 6:00:36 PM org.apache.catalina.startup.HostConfig deployDirectory
INFO: Deploying web application directory /home/gerry/Desktop/apache-tomcat-7.0.91/webapps/gallery
Oct 01, 2018 6:00:36 PM org.apache.catalina.startup.TldConfig execute
INFO: At least one JAR was scanned for TLDs yet contained no TLDs. Enable debug logging for this logger for a complete list of JARs that were scanned but no TLDs were found in them. Skipping unneeded JARs during scanning can improve startup time and JSP compilation time.
Oct 01, 2018 6:00:36 PM org.apache.catalina.startup.HostConfig deployDirectory
INFO: Deployment of web application directory /home/gerry/Desktop/apache-tomcat-7.0.91/webapps/gallery has finished in 106 ms
Oct 01, 2018 6:00:36 PM org.apache.catalina.startup.HostConfig deployDirectory
INFO: Deploying web application directory /home/gerry/Desktop/apache-tomcat-7.0.91/webapps/host-manager
Oct 01, 2018 6:00:36 PM org.apache.catalina.startup.TldConfig execute
INFO: At least one JAR was scanned for TLDs yet contained no TLDs. Enable debug logging for this logger for a complete list of JARs that were scanned but no TLDs were found in them. Skipping unneeded JARs during scanning can improve startup time and JSP compilation time.
Oct 01, 2018 6:00:36 PM org.apache.catalina.startup.HostConfig deployDirectory
INFO: Deployment of web application directory /home/gerry/Desktop/apache-tomcat-7.0.91/webapps/host-manager has finished in 103 ms
Oct 01, 2018 6:00:36 PM org.apache.catalina.startup.HostConfig deployDirectory
INFO: Deploying web application directory /home/gerry/Desktop/apache-tomcat-7.0.91/webapps/examples
Oct 01, 2018 6:00:37 PM org.apache.catalina.startup.TldConfig execute
INFO: At least one JAR was scanned for TLDs yet contained no TLDs. Enable debug logging for this logger for a complete list of JARs that were scanned but no TLDs were found in them. Skipping unneeded JARs during scanning can improve startup time and JSP compilation time.
Oct 01, 2018 6:00:37 PM org.apache.catalina.startup.HostConfig deployDirectory
INFO: Deployment of web application directory /home/gerry/Desktop/apache-tomcat-7.0.91/webapps/examples has finished in 336 ms
Oct 01, 2018 6:00:37 PM org.apache.catalina.startup.HostConfig deployDirectory
INFO: Deploying web application directory /home/gerry/Desktop/apache-tomcat-7.0.91/webapps/ROOT
Oct 01, 2018 6:00:37 PM org.apache.catalina.startup.TldConfig execute
INFO: At least one JAR was scanned for TLDs yet contained no TLDs. Enable debug logging for this logger for a complete list of JARs that were scanned but no TLDs were found in them. Skipping unneeded JARs during scanning can improve startup time and JSP compilation time.
Oct 01, 2018 6:00:37 PM org.apache.catalina.startup.HostConfig deployDirectory
INFO: Deployment of web application directory /home/gerry/Desktop/apache-tomcat-7.0.91/webapps/ROOT has finished in 33 ms
Oct 01, 2018 6:00:37 PM org.apache.catalina.startup.HostConfig deployDirectory
INFO: Deploying web application directory /home/gerry/Desktop/apache-tomcat-7.0.91/webapps/docs
Oct 01, 2018 6:00:37 PM org.apache.catalina.startup.TldConfig execute
INFO: At least one JAR was scanned for TLDs yet contained no TLDs. Enable debug logging for this logger for a complete list of JARs that were scanned but no TLDs were found in them. Skipping unneeded JARs during scanning can improve startup time and JSP compilation time.
Oct 01, 2018 6:00:37 PM org.apache.catalina.startup.HostConfig deployDirectory
INFO: Deployment of web application directory /home/gerry/Desktop/apache-tomcat-7.0.91/webapps/docs has finished in 57 ms
Oct 01, 2018 6:00:37 PM org.apache.coyote.AbstractProtocol start
INFO: Starting ProtocolHandler ["http-bio-8080"]
Oct 01, 2018 6:00:37 PM org.apache.coyote.AbstractProtocol start
INFO: Starting ProtocolHandler ["ajp-bio-8009"]
Oct 01, 2018 6:00:37 PM org.apache.catalina.startup.Catalina start
INFO: Server startup in 1579 ms
Oct 01, 2018 6:01:00 PM org.apache.catalina.core.StandardServer await
INFO: A valid shutdown command was received via the shutdown port. Stopping the Server instance.
Oct 01, 2018 6:01:00 PM org.apache.coyote.AbstractProtocol pause
INFO: Pausing ProtocolHandler ["http-bio-8080"]
Oct 01, 2018 6:01:00 PM org.apache.coyote.AbstractProtocol pause
INFO: Pausing ProtocolHandler ["ajp-bio-8009"]
Oct 01, 2018 6:01:00 PM org.apache.catalina.core.StandardService stopInternal
INFO: Stopping service Catalina
Oct 01, 2018 6:01:00 PM org.apache.coyote.AbstractProtocol stop
INFO: Stopping ProtocolHandler ["http-bio-8080"]
Oct 01, 2018 6:01:00 PM org.apache.coyote.AbstractProtocol stop
INFO: Stopping ProtocolHandler ["ajp-bio-8009"]
Oct 01, 2018 6:01:00 PM org.apache.coyote.AbstractProtocol destroy
INFO: Destroying ProtocolHandler ["http-bio-8080"]
Oct 01, 2018 6:01:00 PM org.apache.coyote.AbstractProtocol destroy
INFO: Destroying ProtocolHandler ["ajp-bio-8009"]
