Oct 08, 2018 3:00:16 PM org.apache.catalina.startup.VersionLoggerListener log
INFO: Server version:        Apache Tomcat/7.0.91
Oct 08, 2018 3:00:16 PM org.apache.catalina.startup.VersionLoggerListener log
INFO: Server built:          Sep 13 2018 19:52:12 UTC
Oct 08, 2018 3:00:16 PM org.apache.catalina.startup.VersionLoggerListener log
INFO: Server number:         7.0.91.0
Oct 08, 2018 3:00:16 PM org.apache.catalina.startup.VersionLoggerListener log
INFO: OS Name:               Linux
Oct 08, 2018 3:00:16 PM org.apache.catalina.startup.VersionLoggerListener log
INFO: OS Version:            4.15.0-22-generic
Oct 08, 2018 3:00:16 PM org.apache.catalina.startup.VersionLoggerListener log
INFO: Architecture:          amd64
Oct 08, 2018 3:00:16 PM org.apache.catalina.startup.VersionLoggerListener log
INFO: Java Home:             /usr/lib/jvm/java-11-openjdk-amd64
Oct 08, 2018 3:00:16 PM org.apache.catalina.startup.VersionLoggerListener log
INFO: JVM Version:           10.0.1+10-Ubuntu-3ubuntu1
Oct 08, 2018 3:00:16 PM org.apache.catalina.startup.VersionLoggerListener log
INFO: JVM Vendor:            Oracle Corporation
Oct 08, 2018 3:00:16 PM org.apache.catalina.startup.VersionLoggerListener log
INFO: CATALINA_BASE:         /home/gerry/Desktop/apache-tomcat-7.0.91
Oct 08, 2018 3:00:16 PM org.apache.catalina.startup.VersionLoggerListener log
INFO: CATALINA_HOME:         /home/gerry/Desktop/apache-tomcat-7.0.91
Oct 08, 2018 3:00:16 PM org.apache.catalina.startup.VersionLoggerListener log
INFO: Command line argument: --add-opens=java.base/java.lang=ALL-UNNAMED
Oct 08, 2018 3:00:16 PM org.apache.catalina.startup.VersionLoggerListener log
INFO: Command line argument: --add-opens=java.base/java.io=ALL-UNNAMED
Oct 08, 2018 3:00:16 PM org.apache.catalina.startup.VersionLoggerListener log
INFO: Command line argument: --add-opens=java.rmi/sun.rmi.transport=ALL-UNNAMED
Oct 08, 2018 3:00:16 PM org.apache.catalina.startup.VersionLoggerListener log
INFO: Command line argument: -Djava.util.logging.config.file=/home/gerry/Desktop/apache-tomcat-7.0.91/conf/logging.properties
Oct 08, 2018 3:00:16 PM org.apache.catalina.startup.VersionLoggerListener log
INFO: Command line argument: -Djava.util.logging.manager=org.apache.juli.ClassLoaderLogManager
Oct 08, 2018 3:00:16 PM org.apache.catalina.startup.VersionLoggerListener log
INFO: Command line argument: -Djdk.tls.ephemeralDHKeySize=2048
Oct 08, 2018 3:00:16 PM org.apache.catalina.startup.VersionLoggerListener log
INFO: Command line argument: -Dignore.endorsed.dirs=
Oct 08, 2018 3:00:16 PM org.apache.catalina.startup.VersionLoggerListener log
INFO: Command line argument: -Dcatalina.base=/home/gerry/Desktop/apache-tomcat-7.0.91
Oct 08, 2018 3:00:16 PM org.apache.catalina.startup.VersionLoggerListener log
INFO: Command line argument: -Dcatalina.home=/home/gerry/Desktop/apache-tomcat-7.0.91
Oct 08, 2018 3:00:16 PM org.apache.catalina.startup.VersionLoggerListener log
INFO: Command line argument: -Djava.io.tmpdir=/home/gerry/Desktop/apache-tomcat-7.0.91/temp
Oct 08, 2018 3:00:16 PM org.apache.catalina.core.AprLifecycleListener lifecycleEvent
INFO: The APR based Apache Tomcat Native library which allows optimal performance in production environments was not found on the java.library.path: /usr/java/packages/lib:/usr/lib/x86_64-linux-gnu/jni:/lib/x86_64-linux-gnu:/usr/lib/x86_64-linux-gnu:/usr/lib/jni:/lib:/usr/lib
Oct 08, 2018 3:00:16 PM org.apache.coyote.AbstractProtocol init
INFO: Initializing ProtocolHandler ["http-bio-8080"]
Oct 08, 2018 3:00:16 PM org.apache.coyote.AbstractProtocol init
INFO: Initializing ProtocolHandler ["ajp-bio-8009"]
Oct 08, 2018 3:00:16 PM org.apache.catalina.startup.Catalina load
INFO: Initialization processed in 2215 ms
Oct 08, 2018 3:00:17 PM org.apache.catalina.core.StandardService startInternal
INFO: Starting service Catalina
Oct 08, 2018 3:00:17 PM org.apache.catalina.core.StandardEngine startInternal
INFO: Starting Servlet Engine: Apache Tomcat/7.0.91
Oct 08, 2018 3:00:17 PM org.apache.catalina.startup.HostConfig deployDirectory
INFO: Deploying web application directory /home/gerry/Desktop/apache-tomcat-7.0.91/webapps/manager
Oct 08, 2018 3:00:18 PM org.apache.catalina.startup.TldConfig execute
INFO: At least one JAR was scanned for TLDs yet contained no TLDs. Enable debug logging for this logger for a complete list of JARs that were scanned but no TLDs were found in them. Skipping unneeded JARs during scanning can improve startup time and JSP compilation time.
Oct 08, 2018 3:00:18 PM org.apache.catalina.startup.HostConfig deployDirectory
INFO: Deployment of web application directory /home/gerry/Desktop/apache-tomcat-7.0.91/webapps/manager has finished in 1,108 ms
Oct 08, 2018 3:00:18 PM org.apache.catalina.startup.HostConfig deployDirectory
INFO: Deploying web application directory /home/gerry/Desktop/apache-tomcat-7.0.91/webapps/gallery
Oct 08, 2018 3:00:18 PM org.apache.catalina.startup.TldConfig execute
INFO: At least one JAR was scanned for TLDs yet contained no TLDs. Enable debug logging for this logger for a complete list of JARs that were scanned but no TLDs were found in them. Skipping unneeded JARs during scanning can improve startup time and JSP compilation time.
Oct 08, 2018 3:00:18 PM org.apache.catalina.session.StandardManager doLoad
SEVERE: IOException while loading persisted sessions: java.io.EOFException
java.io.EOFException
	at java.base/java.io.ObjectInputStream$PeekInputStream.readFully(ObjectInputStream.java:2754)
	at java.base/java.io.ObjectInputStream$BlockDataInputStream.readShort(ObjectInputStream.java:3249)
	at java.base/java.io.ObjectInputStream.readStreamHeader(ObjectInputStream.java:865)
	at java.base/java.io.ObjectInputStream.<init>(ObjectInputStream.java:342)
	at org.apache.catalina.util.CustomObjectInputStream.<init>(CustomObjectInputStream.java:95)
	at org.apache.catalina.session.StandardManager.doLoad(StandardManager.java:223)
	at org.apache.catalina.session.StandardManager.load(StandardManager.java:176)
	at org.apache.catalina.session.StandardManager.startInternal(StandardManager.java:465)
	at org.apache.catalina.util.LifecycleBase.start(LifecycleBase.java:145)
	at org.apache.catalina.core.StandardContext.startInternal(StandardContext.java:5690)
	at org.apache.catalina.util.LifecycleBase.start(LifecycleBase.java:145)
	at org.apache.catalina.core.ContainerBase.addChildInternal(ContainerBase.java:1018)
	at org.apache.catalina.core.ContainerBase.addChild(ContainerBase.java:994)
	at org.apache.catalina.core.StandardHost.addChild(StandardHost.java:652)
	at org.apache.catalina.startup.HostConfig.deployDirectory(HostConfig.java:1296)
	at org.apache.catalina.startup.HostConfig$DeployDirectory.run(HostConfig.java:2039)
	at java.base/java.util.concurrent.Executors$RunnableAdapter.call(Executors.java:514)
	at java.base/java.util.concurrent.FutureTask.run(FutureTask.java:264)
	at java.base/java.util.concurrent.ThreadPoolExecutor.runWorker(ThreadPoolExecutor.java:1135)
	at java.base/java.util.concurrent.ThreadPoolExecutor$Worker.run(ThreadPoolExecutor.java:635)
	at java.base/java.lang.Thread.run(Thread.java:844)

Oct 08, 2018 3:00:18 PM org.apache.catalina.session.StandardManager startInternal
SEVERE: Exception loading sessions from persistent storage
java.io.EOFException
	at java.base/java.io.ObjectInputStream$PeekInputStream.readFully(ObjectInputStream.java:2754)
	at java.base/java.io.ObjectInputStream$BlockDataInputStream.readShort(ObjectInputStream.java:3249)
	at java.base/java.io.ObjectInputStream.readStreamHeader(ObjectInputStream.java:865)
	at java.base/java.io.ObjectInputStream.<init>(ObjectInputStream.java:342)
	at org.apache.catalina.util.CustomObjectInputStream.<init>(CustomObjectInputStream.java:95)
	at org.apache.catalina.session.StandardManager.doLoad(StandardManager.java:223)
	at org.apache.catalina.session.StandardManager.load(StandardManager.java:176)
	at org.apache.catalina.session.StandardManager.startInternal(StandardManager.java:465)
	at org.apache.catalina.util.LifecycleBase.start(LifecycleBase.java:145)
	at org.apache.catalina.core.StandardContext.startInternal(StandardContext.java:5690)
	at org.apache.catalina.util.LifecycleBase.start(LifecycleBase.java:145)
	at org.apache.catalina.core.ContainerBase.addChildInternal(ContainerBase.java:1018)
	at org.apache.catalina.core.ContainerBase.addChild(ContainerBase.java:994)
	at org.apache.catalina.core.StandardHost.addChild(StandardHost.java:652)
	at org.apache.catalina.startup.HostConfig.deployDirectory(HostConfig.java:1296)
	at org.apache.catalina.startup.HostConfig$DeployDirectory.run(HostConfig.java:2039)
	at java.base/java.util.concurrent.Executors$RunnableAdapter.call(Executors.java:514)
	at java.base/java.util.concurrent.FutureTask.run(FutureTask.java:264)
	at java.base/java.util.concurrent.ThreadPoolExecutor.runWorker(ThreadPoolExecutor.java:1135)
	at java.base/java.util.concurrent.ThreadPoolExecutor$Worker.run(ThreadPoolExecutor.java:635)
	at java.base/java.lang.Thread.run(Thread.java:844)

Oct 08, 2018 3:00:18 PM org.apache.catalina.startup.HostConfig deployDirectory
INFO: Deployment of web application directory /home/gerry/Desktop/apache-tomcat-7.0.91/webapps/gallery has finished in 93 ms
Oct 08, 2018 3:00:18 PM org.apache.catalina.startup.HostConfig deployDirectory
INFO: Deploying web application directory /home/gerry/Desktop/apache-tomcat-7.0.91/webapps/host-manager
Oct 08, 2018 3:00:18 PM org.apache.catalina.startup.TldConfig execute
INFO: At least one JAR was scanned for TLDs yet contained no TLDs. Enable debug logging for this logger for a complete list of JARs that were scanned but no TLDs were found in them. Skipping unneeded JARs during scanning can improve startup time and JSP compilation time.
Oct 08, 2018 3:00:18 PM org.apache.catalina.startup.HostConfig deployDirectory
INFO: Deployment of web application directory /home/gerry/Desktop/apache-tomcat-7.0.91/webapps/host-manager has finished in 60 ms
Oct 08, 2018 3:00:18 PM org.apache.catalina.startup.HostConfig deployDirectory
INFO: Deploying web application directory /home/gerry/Desktop/apache-tomcat-7.0.91/webapps/examples
Oct 08, 2018 3:00:19 PM org.apache.catalina.startup.TldConfig execute
INFO: At least one JAR was scanned for TLDs yet contained no TLDs. Enable debug logging for this logger for a complete list of JARs that were scanned but no TLDs were found in them. Skipping unneeded JARs during scanning can improve startup time and JSP compilation time.
Oct 08, 2018 3:00:19 PM org.apache.catalina.startup.HostConfig deployDirectory
INFO: Deployment of web application directory /home/gerry/Desktop/apache-tomcat-7.0.91/webapps/examples has finished in 509 ms
Oct 08, 2018 3:00:19 PM org.apache.catalina.startup.HostConfig deployDirectory
INFO: Deploying web application directory /home/gerry/Desktop/apache-tomcat-7.0.91/webapps/ROOT
Oct 08, 2018 3:00:19 PM org.apache.catalina.startup.TldConfig execute
INFO: At least one JAR was scanned for TLDs yet contained no TLDs. Enable debug logging for this logger for a complete list of JARs that were scanned but no TLDs were found in them. Skipping unneeded JARs during scanning can improve startup time and JSP compilation time.
Oct 08, 2018 3:00:19 PM org.apache.catalina.startup.HostConfig deployDirectory
INFO: Deployment of web application directory /home/gerry/Desktop/apache-tomcat-7.0.91/webapps/ROOT has finished in 49 ms
Oct 08, 2018 3:00:19 PM org.apache.catalina.startup.HostConfig deployDirectory
INFO: Deploying web application directory /home/gerry/Desktop/apache-tomcat-7.0.91/webapps/docs
Oct 08, 2018 3:00:19 PM org.apache.catalina.startup.TldConfig execute
INFO: At least one JAR was scanned for TLDs yet contained no TLDs. Enable debug logging for this logger for a complete list of JARs that were scanned but no TLDs were found in them. Skipping unneeded JARs during scanning can improve startup time and JSP compilation time.
Oct 08, 2018 3:00:19 PM org.apache.catalina.startup.HostConfig deployDirectory
INFO: Deployment of web application directory /home/gerry/Desktop/apache-tomcat-7.0.91/webapps/docs has finished in 29 ms
Oct 08, 2018 3:00:19 PM org.apache.coyote.AbstractProtocol start
INFO: Starting ProtocolHandler ["http-bio-8080"]
Oct 08, 2018 3:00:19 PM org.apache.coyote.AbstractProtocol start
INFO: Starting ProtocolHandler ["ajp-bio-8009"]
Oct 08, 2018 3:00:19 PM org.apache.catalina.startup.Catalina start
INFO: Server startup in 2657 ms
Oct 08, 2018 3:19:52 PM org.apache.catalina.startup.VersionLoggerListener log
INFO: Server version:        Apache Tomcat/7.0.91
Oct 08, 2018 3:19:52 PM org.apache.catalina.startup.VersionLoggerListener log
INFO: Server built:          Sep 13 2018 19:52:12 UTC
Oct 08, 2018 3:19:52 PM org.apache.catalina.startup.VersionLoggerListener log
INFO: Server number:         7.0.91.0
Oct 08, 2018 3:19:52 PM org.apache.catalina.startup.VersionLoggerListener log
INFO: OS Name:               Linux
Oct 08, 2018 3:19:52 PM org.apache.catalina.startup.VersionLoggerListener log
INFO: OS Version:            4.15.0-22-generic
Oct 08, 2018 3:19:52 PM org.apache.catalina.startup.VersionLoggerListener log
INFO: Architecture:          amd64
Oct 08, 2018 3:19:52 PM org.apache.catalina.startup.VersionLoggerListener log
INFO: Java Home:             /usr/lib/jvm/java-11-openjdk-amd64
Oct 08, 2018 3:19:52 PM org.apache.catalina.startup.VersionLoggerListener log
INFO: JVM Version:           10.0.1+10-Ubuntu-3ubuntu1
Oct 08, 2018 3:19:52 PM org.apache.catalina.startup.VersionLoggerListener log
INFO: JVM Vendor:            Oracle Corporation
Oct 08, 2018 3:19:52 PM org.apache.catalina.startup.VersionLoggerListener log
INFO: CATALINA_BASE:         /home/gerry/Desktop/apache-tomcat-7.0.91
Oct 08, 2018 3:19:52 PM org.apache.catalina.startup.VersionLoggerListener log
INFO: CATALINA_HOME:         /home/gerry/Desktop/apache-tomcat-7.0.91
Oct 08, 2018 3:19:52 PM org.apache.catalina.startup.VersionLoggerListener log
INFO: Command line argument: --add-opens=java.base/java.lang=ALL-UNNAMED
Oct 08, 2018 3:19:52 PM org.apache.catalina.startup.VersionLoggerListener log
INFO: Command line argument: --add-opens=java.base/java.io=ALL-UNNAMED
Oct 08, 2018 3:19:52 PM org.apache.catalina.startup.VersionLoggerListener log
INFO: Command line argument: --add-opens=java.rmi/sun.rmi.transport=ALL-UNNAMED
Oct 08, 2018 3:19:52 PM org.apache.catalina.startup.VersionLoggerListener log
INFO: Command line argument: -Djava.util.logging.config.file=/home/gerry/Desktop/apache-tomcat-7.0.91/conf/logging.properties
Oct 08, 2018 3:19:52 PM org.apache.catalina.startup.VersionLoggerListener log
INFO: Command line argument: -Djava.util.logging.manager=org.apache.juli.ClassLoaderLogManager
Oct 08, 2018 3:19:52 PM org.apache.catalina.startup.VersionLoggerListener log
INFO: Command line argument: -Djdk.tls.ephemeralDHKeySize=2048
Oct 08, 2018 3:19:52 PM org.apache.catalina.startup.VersionLoggerListener log
INFO: Command line argument: -Dignore.endorsed.dirs=
Oct 08, 2018 3:19:52 PM org.apache.catalina.startup.VersionLoggerListener log
INFO: Command line argument: -Dcatalina.base=/home/gerry/Desktop/apache-tomcat-7.0.91
Oct 08, 2018 3:19:52 PM org.apache.catalina.startup.VersionLoggerListener log
INFO: Command line argument: -Dcatalina.home=/home/gerry/Desktop/apache-tomcat-7.0.91
Oct 08, 2018 3:19:52 PM org.apache.catalina.startup.VersionLoggerListener log
INFO: Command line argument: -Djava.io.tmpdir=/home/gerry/Desktop/apache-tomcat-7.0.91/temp
Oct 08, 2018 3:19:52 PM org.apache.catalina.core.AprLifecycleListener lifecycleEvent
INFO: The APR based Apache Tomcat Native library which allows optimal performance in production environments was not found on the java.library.path: /usr/java/packages/lib:/usr/lib/x86_64-linux-gnu/jni:/lib/x86_64-linux-gnu:/usr/lib/x86_64-linux-gnu:/usr/lib/jni:/lib:/usr/lib
Oct 08, 2018 3:19:53 PM org.apache.coyote.AbstractProtocol init
INFO: Initializing ProtocolHandler ["http-bio-8080"]
Oct 08, 2018 3:19:53 PM org.apache.coyote.AbstractProtocol init
SEVERE: Failed to initialize end point associated with ProtocolHandler ["http-bio-8080"]
java.net.BindException: Address already in use (Bind failed) <null>:8080
	at org.apache.tomcat.util.net.JIoEndpoint.bind(JIoEndpoint.java:413)
	at org.apache.tomcat.util.net.AbstractEndpoint.init(AbstractEndpoint.java:728)
	at org.apache.coyote.AbstractProtocol.init(AbstractProtocol.java:452)
	at org.apache.coyote.http11.AbstractHttp11JsseProtocol.init(AbstractHttp11JsseProtocol.java:119)
	at org.apache.catalina.connector.Connector.initInternal(Connector.java:978)
	at org.apache.catalina.util.LifecycleBase.init(LifecycleBase.java:102)
	at org.apache.catalina.core.StandardService.initInternal(StandardService.java:560)
	at org.apache.catalina.util.LifecycleBase.init(LifecycleBase.java:102)
	at org.apache.catalina.core.StandardServer.initInternal(StandardServer.java:840)
	at org.apache.catalina.util.LifecycleBase.init(LifecycleBase.java:102)
	at org.apache.catalina.startup.Catalina.load(Catalina.java:654)
	at org.apache.catalina.startup.Catalina.load(Catalina.java:679)
	at java.base/jdk.internal.reflect.NativeMethodAccessorImpl.invoke0(Native Method)
	at java.base/jdk.internal.reflect.NativeMethodAccessorImpl.invoke(NativeMethodAccessorImpl.java:62)
	at java.base/jdk.internal.reflect.DelegatingMethodAccessorImpl.invoke(DelegatingMethodAccessorImpl.java:43)
	at java.base/java.lang.reflect.Method.invoke(Method.java:564)
	at org.apache.catalina.startup.Bootstrap.load(Bootstrap.java:253)
	at org.apache.catalina.startup.Bootstrap.main(Bootstrap.java:427)
Caused by: java.net.BindException: Address already in use (Bind failed)
	at java.base/java.net.PlainSocketImpl.socketBind(Native Method)
	at java.base/java.net.AbstractPlainSocketImpl.bind(AbstractPlainSocketImpl.java:437)
	at java.base/java.net.ServerSocket.bind(ServerSocket.java:381)
	at java.base/java.net.ServerSocket.<init>(ServerSocket.java:243)
	at java.base/java.net.ServerSocket.<init>(ServerSocket.java:187)
	at org.apache.tomcat.util.net.DefaultServerSocketFactory.createSocket(DefaultServerSocketFactory.java:49)
	at org.apache.tomcat.util.net.JIoEndpoint.bind(JIoEndpoint.java:400)
	... 17 more

Oct 08, 2018 3:19:53 PM org.apache.catalina.core.StandardService initInternal
SEVERE: Failed to initialize connector [Connector[HTTP/1.1-8080]]
org.apache.catalina.LifecycleException: Failed to initialize component [Connector[HTTP/1.1-8080]]
	at org.apache.catalina.util.LifecycleBase.init(LifecycleBase.java:107)
	at org.apache.catalina.core.StandardService.initInternal(StandardService.java:560)
	at org.apache.catalina.util.LifecycleBase.init(LifecycleBase.java:102)
	at org.apache.catalina.core.StandardServer.initInternal(StandardServer.java:840)
	at org.apache.catalina.util.LifecycleBase.init(LifecycleBase.java:102)
	at org.apache.catalina.startup.Catalina.load(Catalina.java:654)
	at org.apache.catalina.startup.Catalina.load(Catalina.java:679)
	at java.base/jdk.internal.reflect.NativeMethodAccessorImpl.invoke0(Native Method)
	at java.base/jdk.internal.reflect.NativeMethodAccessorImpl.invoke(NativeMethodAccessorImpl.java:62)
	at java.base/jdk.internal.reflect.DelegatingMethodAccessorImpl.invoke(DelegatingMethodAccessorImpl.java:43)
	at java.base/java.lang.reflect.Method.invoke(Method.java:564)
	at org.apache.catalina.startup.Bootstrap.load(Bootstrap.java:253)
	at org.apache.catalina.startup.Bootstrap.main(Bootstrap.java:427)
Caused by: org.apache.catalina.LifecycleException: Protocol handler initialization failed
	at org.apache.catalina.connector.Connector.initInternal(Connector.java:980)
	at org.apache.catalina.util.LifecycleBase.init(LifecycleBase.java:102)
	... 12 more
Caused by: java.net.BindException: Address already in use (Bind failed) <null>:8080
	at org.apache.tomcat.util.net.JIoEndpoint.bind(JIoEndpoint.java:413)
	at org.apache.tomcat.util.net.AbstractEndpoint.init(AbstractEndpoint.java:728)
	at org.apache.coyote.AbstractProtocol.init(AbstractProtocol.java:452)
	at org.apache.coyote.http11.AbstractHttp11JsseProtocol.init(AbstractHttp11JsseProtocol.java:119)
	at org.apache.catalina.connector.Connector.initInternal(Connector.java:978)
	... 13 more
Caused by: java.net.BindException: Address already in use (Bind failed)
	at java.base/java.net.PlainSocketImpl.socketBind(Native Method)
	at java.base/java.net.AbstractPlainSocketImpl.bind(AbstractPlainSocketImpl.java:437)
	at java.base/java.net.ServerSocket.bind(ServerSocket.java:381)
	at java.base/java.net.ServerSocket.<init>(ServerSocket.java:243)
	at java.base/java.net.ServerSocket.<init>(ServerSocket.java:187)
	at org.apache.tomcat.util.net.DefaultServerSocketFactory.createSocket(DefaultServerSocketFactory.java:49)
	at org.apache.tomcat.util.net.JIoEndpoint.bind(JIoEndpoint.java:400)
	... 17 more

Oct 08, 2018 3:19:53 PM org.apache.coyote.AbstractProtocol init
INFO: Initializing ProtocolHandler ["ajp-bio-8009"]
Oct 08, 2018 3:19:53 PM org.apache.coyote.AbstractProtocol init
SEVERE: Failed to initialize end point associated with ProtocolHandler ["ajp-bio-8009"]
java.net.BindException: Address already in use (Bind failed) <null>:8009
	at org.apache.tomcat.util.net.JIoEndpoint.bind(JIoEndpoint.java:413)
	at org.apache.tomcat.util.net.AbstractEndpoint.init(AbstractEndpoint.java:728)
	at org.apache.coyote.AbstractProtocol.init(AbstractProtocol.java:452)
	at org.apache.catalina.connector.Connector.initInternal(Connector.java:978)
	at org.apache.catalina.util.LifecycleBase.init(LifecycleBase.java:102)
	at org.apache.catalina.core.StandardService.initInternal(StandardService.java:560)
	at org.apache.catalina.util.LifecycleBase.init(LifecycleBase.java:102)
	at org.apache.catalina.core.StandardServer.initInternal(StandardServer.java:840)
	at org.apache.catalina.util.LifecycleBase.init(LifecycleBase.java:102)
	at org.apache.catalina.startup.Catalina.load(Catalina.java:654)
	at org.apache.catalina.startup.Catalina.load(Catalina.java:679)
	at java.base/jdk.internal.reflect.NativeMethodAccessorImpl.invoke0(Native Method)
	at java.base/jdk.internal.reflect.NativeMethodAccessorImpl.invoke(NativeMethodAccessorImpl.java:62)
	at java.base/jdk.internal.reflect.DelegatingMethodAccessorImpl.invoke(DelegatingMethodAccessorImpl.java:43)
	at java.base/java.lang.reflect.Method.invoke(Method.java:564)
	at org.apache.catalina.startup.Bootstrap.load(Bootstrap.java:253)
	at org.apache.catalina.startup.Bootstrap.main(Bootstrap.java:427)
Caused by: java.net.BindException: Address already in use (Bind failed)
	at java.base/java.net.PlainSocketImpl.socketBind(Native Method)
	at java.base/java.net.AbstractPlainSocketImpl.bind(AbstractPlainSocketImpl.java:437)
	at java.base/java.net.ServerSocket.bind(ServerSocket.java:381)
	at java.base/java.net.ServerSocket.<init>(ServerSocket.java:243)
	at java.base/java.net.ServerSocket.<init>(ServerSocket.java:187)
	at org.apache.tomcat.util.net.DefaultServerSocketFactory.createSocket(DefaultServerSocketFactory.java:49)
	at org.apache.tomcat.util.net.JIoEndpoint.bind(JIoEndpoint.java:400)
	... 16 more

Oct 08, 2018 3:19:53 PM org.apache.catalina.core.StandardService initInternal
SEVERE: Failed to initialize connector [Connector[AJP/1.3-8009]]
org.apache.catalina.LifecycleException: Failed to initialize component [Connector[AJP/1.3-8009]]
	at org.apache.catalina.util.LifecycleBase.init(LifecycleBase.java:107)
	at org.apache.catalina.core.StandardService.initInternal(StandardService.java:560)
	at org.apache.catalina.util.LifecycleBase.init(LifecycleBase.java:102)
	at org.apache.catalina.core.StandardServer.initInternal(StandardServer.java:840)
	at org.apache.catalina.util.LifecycleBase.init(LifecycleBase.java:102)
	at org.apache.catalina.startup.Catalina.load(Catalina.java:654)
	at org.apache.catalina.startup.Catalina.load(Catalina.java:679)
	at java.base/jdk.internal.reflect.NativeMethodAccessorImpl.invoke0(Native Method)
	at java.base/jdk.internal.reflect.NativeMethodAccessorImpl.invoke(NativeMethodAccessorImpl.java:62)
	at java.base/jdk.internal.reflect.DelegatingMethodAccessorImpl.invoke(DelegatingMethodAccessorImpl.java:43)
	at java.base/java.lang.reflect.Method.invoke(Method.java:564)
	at org.apache.catalina.startup.Bootstrap.load(Bootstrap.java:253)
	at org.apache.catalina.startup.Bootstrap.main(Bootstrap.java:427)
Caused by: org.apache.catalina.LifecycleException: Protocol handler initialization failed
	at org.apache.catalina.connector.Connector.initInternal(Connector.java:980)
	at org.apache.catalina.util.LifecycleBase.init(LifecycleBase.java:102)
	... 12 more
Caused by: java.net.BindException: Address already in use (Bind failed) <null>:8009
	at org.apache.tomcat.util.net.JIoEndpoint.bind(JIoEndpoint.java:413)
	at org.apache.tomcat.util.net.AbstractEndpoint.init(AbstractEndpoint.java:728)
	at org.apache.coyote.AbstractProtocol.init(AbstractProtocol.java:452)
	at org.apache.catalina.connector.Connector.initInternal(Connector.java:978)
	... 13 more
Caused by: java.net.BindException: Address already in use (Bind failed)
	at java.base/java.net.PlainSocketImpl.socketBind(Native Method)
	at java.base/java.net.AbstractPlainSocketImpl.bind(AbstractPlainSocketImpl.java:437)
	at java.base/java.net.ServerSocket.bind(ServerSocket.java:381)
	at java.base/java.net.ServerSocket.<init>(ServerSocket.java:243)
	at java.base/java.net.ServerSocket.<init>(ServerSocket.java:187)
	at org.apache.tomcat.util.net.DefaultServerSocketFactory.createSocket(DefaultServerSocketFactory.java:49)
	at org.apache.tomcat.util.net.JIoEndpoint.bind(JIoEndpoint.java:400)
	... 16 more

Oct 08, 2018 3:19:53 PM org.apache.catalina.startup.Catalina load
INFO: Initialization processed in 494 ms
Oct 08, 2018 3:19:53 PM org.apache.catalina.core.StandardService startInternal
INFO: Starting service Catalina
Oct 08, 2018 3:19:53 PM org.apache.catalina.core.StandardEngine startInternal
INFO: Starting Servlet Engine: Apache Tomcat/7.0.91
Oct 08, 2018 3:19:53 PM org.apache.catalina.startup.HostConfig deployDirectory
INFO: Deploying web application directory /home/gerry/Desktop/apache-tomcat-7.0.91/webapps/manager
Oct 08, 2018 3:19:53 PM org.apache.catalina.startup.TldConfig execute
INFO: At least one JAR was scanned for TLDs yet contained no TLDs. Enable debug logging for this logger for a complete list of JARs that were scanned but no TLDs were found in them. Skipping unneeded JARs during scanning can improve startup time and JSP compilation time.
Oct 08, 2018 3:19:53 PM org.apache.catalina.startup.HostConfig deployDirectory
INFO: Deployment of web application directory /home/gerry/Desktop/apache-tomcat-7.0.91/webapps/manager has finished in 530 ms
Oct 08, 2018 3:19:53 PM org.apache.catalina.startup.HostConfig deployDirectory
INFO: Deploying web application directory /home/gerry/Desktop/apache-tomcat-7.0.91/webapps/gallery
Oct 08, 2018 3:19:53 PM org.apache.catalina.startup.TldConfig execute
INFO: At least one JAR was scanned for TLDs yet contained no TLDs. Enable debug logging for this logger for a complete list of JARs that were scanned but no TLDs were found in them. Skipping unneeded JARs during scanning can improve startup time and JSP compilation time.
Oct 08, 2018 3:19:53 PM org.apache.catalina.session.StandardManager doLoad
SEVERE: IOException while loading persisted sessions: java.io.EOFException
java.io.EOFException
	at java.base/java.io.ObjectInputStream$PeekInputStream.readFully(ObjectInputStream.java:2754)
	at java.base/java.io.ObjectInputStream$BlockDataInputStream.readShort(ObjectInputStream.java:3249)
	at java.base/java.io.ObjectInputStream.readStreamHeader(ObjectInputStream.java:865)
	at java.base/java.io.ObjectInputStream.<init>(ObjectInputStream.java:342)
	at org.apache.catalina.util.CustomObjectInputStream.<init>(CustomObjectInputStream.java:95)
	at org.apache.catalina.session.StandardManager.doLoad(StandardManager.java:223)
	at org.apache.catalina.session.StandardManager.load(StandardManager.java:176)
	at org.apache.catalina.session.StandardManager.startInternal(StandardManager.java:465)
	at org.apache.catalina.util.LifecycleBase.start(LifecycleBase.java:145)
	at org.apache.catalina.core.StandardContext.startInternal(StandardContext.java:5690)
	at org.apache.catalina.util.LifecycleBase.start(LifecycleBase.java:145)
	at org.apache.catalina.core.ContainerBase.addChildInternal(ContainerBase.java:1018)
	at org.apache.catalina.core.ContainerBase.addChild(ContainerBase.java:994)
	at org.apache.catalina.core.StandardHost.addChild(StandardHost.java:652)
	at org.apache.catalina.startup.HostConfig.deployDirectory(HostConfig.java:1296)
	at org.apache.catalina.startup.HostConfig$DeployDirectory.run(HostConfig.java:2039)
	at java.base/java.util.concurrent.Executors$RunnableAdapter.call(Executors.java:514)
	at java.base/java.util.concurrent.FutureTask.run(FutureTask.java:264)
	at java.base/java.util.concurrent.ThreadPoolExecutor.runWorker(ThreadPoolExecutor.java:1135)
	at java.base/java.util.concurrent.ThreadPoolExecutor$Worker.run(ThreadPoolExecutor.java:635)
	at java.base/java.lang.Thread.run(Thread.java:844)

Oct 08, 2018 3:19:53 PM org.apache.catalina.session.StandardManager startInternal
SEVERE: Exception loading sessions from persistent storage
java.io.EOFException
	at java.base/java.io.ObjectInputStream$PeekInputStream.readFully(ObjectInputStream.java:2754)
	at java.base/java.io.ObjectInputStream$BlockDataInputStream.readShort(ObjectInputStream.java:3249)
	at java.base/java.io.ObjectInputStream.readStreamHeader(ObjectInputStream.java:865)
	at java.base/java.io.ObjectInputStream.<init>(ObjectInputStream.java:342)
	at org.apache.catalina.util.CustomObjectInputStream.<init>(CustomObjectInputStream.java:95)
	at org.apache.catalina.session.StandardManager.doLoad(StandardManager.java:223)
	at org.apache.catalina.session.StandardManager.load(StandardManager.java:176)
	at org.apache.catalina.session.StandardManager.startInternal(StandardManager.java:465)
	at org.apache.catalina.util.LifecycleBase.start(LifecycleBase.java:145)
	at org.apache.catalina.core.StandardContext.startInternal(StandardContext.java:5690)
	at org.apache.catalina.util.LifecycleBase.start(LifecycleBase.java:145)
	at org.apache.catalina.core.ContainerBase.addChildInternal(ContainerBase.java:1018)
	at org.apache.catalina.core.ContainerBase.addChild(ContainerBase.java:994)
	at org.apache.catalina.core.StandardHost.addChild(StandardHost.java:652)
	at org.apache.catalina.startup.HostConfig.deployDirectory(HostConfig.java:1296)
	at org.apache.catalina.startup.HostConfig$DeployDirectory.run(HostConfig.java:2039)
	at java.base/java.util.concurrent.Executors$RunnableAdapter.call(Executors.java:514)
	at java.base/java.util.concurrent.FutureTask.run(FutureTask.java:264)
	at java.base/java.util.concurrent.ThreadPoolExecutor.runWorker(ThreadPoolExecutor.java:1135)
	at java.base/java.util.concurrent.ThreadPoolExecutor$Worker.run(ThreadPoolExecutor.java:635)
	at java.base/java.lang.Thread.run(Thread.java:844)

Oct 08, 2018 3:19:53 PM org.apache.catalina.startup.HostConfig deployDirectory
INFO: Deployment of web application directory /home/gerry/Desktop/apache-tomcat-7.0.91/webapps/gallery has finished in 141 ms
Oct 08, 2018 3:19:53 PM org.apache.catalina.startup.HostConfig deployDirectory
INFO: Deploying web application directory /home/gerry/Desktop/apache-tomcat-7.0.91/webapps/host-manager
Oct 08, 2018 3:19:53 PM org.apache.catalina.startup.TldConfig execute
INFO: At least one JAR was scanned for TLDs yet contained no TLDs. Enable debug logging for this logger for a complete list of JARs that were scanned but no TLDs were found in them. Skipping unneeded JARs during scanning can improve startup time and JSP compilation time.
Oct 08, 2018 3:19:53 PM org.apache.catalina.startup.HostConfig deployDirectory
INFO: Deployment of web application directory /home/gerry/Desktop/apache-tomcat-7.0.91/webapps/host-manager has finished in 141 ms
Oct 08, 2018 3:19:53 PM org.apache.catalina.startup.HostConfig deployDirectory
INFO: Deploying web application directory /home/gerry/Desktop/apache-tomcat-7.0.91/webapps/examples
Oct 08, 2018 3:19:54 PM org.apache.catalina.startup.TldConfig execute
INFO: At least one JAR was scanned for TLDs yet contained no TLDs. Enable debug logging for this logger for a complete list of JARs that were scanned but no TLDs were found in them. Skipping unneeded JARs during scanning can improve startup time and JSP compilation time.
Oct 08, 2018 3:19:54 PM org.apache.catalina.startup.HostConfig deployDirectory
INFO: Deployment of web application directory /home/gerry/Desktop/apache-tomcat-7.0.91/webapps/examples has finished in 241 ms
Oct 08, 2018 3:19:54 PM org.apache.catalina.startup.HostConfig deployDirectory
INFO: Deploying web application directory /home/gerry/Desktop/apache-tomcat-7.0.91/webapps/ROOT
Oct 08, 2018 3:19:54 PM org.apache.catalina.startup.TldConfig execute
INFO: At least one JAR was scanned for TLDs yet contained no TLDs. Enable debug logging for this logger for a complete list of JARs that were scanned but no TLDs were found in them. Skipping unneeded JARs during scanning can improve startup time and JSP compilation time.
Oct 08, 2018 3:19:54 PM org.apache.catalina.startup.HostConfig deployDirectory
INFO: Deployment of web application directory /home/gerry/Desktop/apache-tomcat-7.0.91/webapps/ROOT has finished in 98 ms
Oct 08, 2018 3:19:54 PM org.apache.catalina.startup.HostConfig deployDirectory
INFO: Deploying web application directory /home/gerry/Desktop/apache-tomcat-7.0.91/webapps/docs
Oct 08, 2018 3:19:54 PM org.apache.catalina.startup.TldConfig execute
INFO: At least one JAR was scanned for TLDs yet contained no TLDs. Enable debug logging for this logger for a complete list of JARs that were scanned but no TLDs were found in them. Skipping unneeded JARs during scanning can improve startup time and JSP compilation time.
Oct 08, 2018 3:19:54 PM org.apache.catalina.startup.HostConfig deployDirectory
INFO: Deployment of web application directory /home/gerry/Desktop/apache-tomcat-7.0.91/webapps/docs has finished in 114 ms
Oct 08, 2018 3:19:54 PM org.apache.catalina.startup.Catalina start
INFO: Server startup in 1342 ms
Oct 08, 2018 3:19:54 PM org.apache.catalina.core.StandardServer await
SEVERE: StandardServer.await: create[localhost:8005]: 
java.net.BindException: Address already in use (Bind failed)
	at java.base/java.net.PlainSocketImpl.socketBind(Native Method)
	at java.base/java.net.AbstractPlainSocketImpl.bind(AbstractPlainSocketImpl.java:437)
	at java.base/java.net.ServerSocket.bind(ServerSocket.java:381)
	at java.base/java.net.ServerSocket.<init>(ServerSocket.java:243)
	at org.apache.catalina.core.StandardServer.await(StandardServer.java:444)
	at org.apache.catalina.startup.Catalina.await(Catalina.java:793)
	at org.apache.catalina.startup.Catalina.start(Catalina.java:739)
	at java.base/jdk.internal.reflect.NativeMethodAccessorImpl.invoke0(Native Method)
	at java.base/jdk.internal.reflect.NativeMethodAccessorImpl.invoke(NativeMethodAccessorImpl.java:62)
	at java.base/jdk.internal.reflect.DelegatingMethodAccessorImpl.invoke(DelegatingMethodAccessorImpl.java:43)
	at java.base/java.lang.reflect.Method.invoke(Method.java:564)
	at org.apache.catalina.startup.Bootstrap.start(Bootstrap.java:294)
	at org.apache.catalina.startup.Bootstrap.main(Bootstrap.java:428)

Oct 08, 2018 3:19:54 PM org.apache.coyote.AbstractProtocol pause
INFO: Pausing ProtocolHandler ["http-bio-8080"]
Oct 08, 2018 3:19:54 PM org.apache.coyote.AbstractProtocol pause
INFO: Pausing ProtocolHandler ["ajp-bio-8009"]
Oct 08, 2018 3:19:54 PM org.apache.catalina.core.StandardService stopInternal
INFO: Stopping service Catalina
Oct 08, 2018 3:19:54 PM org.apache.coyote.AbstractProtocol stop
INFO: Stopping ProtocolHandler ["http-bio-8080"]
Oct 08, 2018 3:19:54 PM org.apache.coyote.AbstractProtocol destroy
INFO: Destroying ProtocolHandler ["http-bio-8080"]
Oct 08, 2018 3:19:54 PM org.apache.coyote.AbstractProtocol stop
INFO: Stopping ProtocolHandler ["ajp-bio-8009"]
Oct 08, 2018 3:19:54 PM org.apache.coyote.AbstractProtocol destroy
INFO: Destroying ProtocolHandler ["ajp-bio-8009"]
Oct 08, 2018 3:20:01 PM org.apache.catalina.core.StandardServer await
INFO: A valid shutdown command was received via the shutdown port. Stopping the Server instance.
Oct 08, 2018 3:20:01 PM org.apache.coyote.AbstractProtocol pause
INFO: Pausing ProtocolHandler ["http-bio-8080"]
Oct 08, 2018 3:20:01 PM org.apache.coyote.AbstractProtocol pause
INFO: Pausing ProtocolHandler ["ajp-bio-8009"]
Oct 08, 2018 3:20:01 PM org.apache.catalina.core.StandardService stopInternal
INFO: Stopping service Catalina
Oct 08, 2018 3:20:01 PM org.apache.coyote.AbstractProtocol stop
INFO: Stopping ProtocolHandler ["http-bio-8080"]
Oct 08, 2018 3:20:01 PM org.apache.coyote.AbstractProtocol stop
INFO: Stopping ProtocolHandler ["ajp-bio-8009"]
Oct 08, 2018 3:20:01 PM org.apache.coyote.AbstractProtocol destroy
INFO: Destroying ProtocolHandler ["http-bio-8080"]
Oct 08, 2018 3:20:01 PM org.apache.coyote.AbstractProtocol destroy
INFO: Destroying ProtocolHandler ["ajp-bio-8009"]
Oct 08, 2018 3:20:08 PM org.apache.catalina.startup.VersionLoggerListener log
INFO: Server version:        Apache Tomcat/7.0.91
Oct 08, 2018 3:20:08 PM org.apache.catalina.startup.VersionLoggerListener log
INFO: Server built:          Sep 13 2018 19:52:12 UTC
Oct 08, 2018 3:20:08 PM org.apache.catalina.startup.VersionLoggerListener log
INFO: Server number:         7.0.91.0
Oct 08, 2018 3:20:08 PM org.apache.catalina.startup.VersionLoggerListener log
INFO: OS Name:               Linux
Oct 08, 2018 3:20:08 PM org.apache.catalina.startup.VersionLoggerListener log
INFO: OS Version:            4.15.0-22-generic
Oct 08, 2018 3:20:08 PM org.apache.catalina.startup.VersionLoggerListener log
INFO: Architecture:          amd64
Oct 08, 2018 3:20:08 PM org.apache.catalina.startup.VersionLoggerListener log
INFO: Java Home:             /usr/lib/jvm/java-11-openjdk-amd64
Oct 08, 2018 3:20:08 PM org.apache.catalina.startup.VersionLoggerListener log
INFO: JVM Version:           10.0.1+10-Ubuntu-3ubuntu1
Oct 08, 2018 3:20:08 PM org.apache.catalina.startup.VersionLoggerListener log
INFO: JVM Vendor:            Oracle Corporation
Oct 08, 2018 3:20:08 PM org.apache.catalina.startup.VersionLoggerListener log
INFO: CATALINA_BASE:         /home/gerry/Desktop/apache-tomcat-7.0.91
Oct 08, 2018 3:20:08 PM org.apache.catalina.startup.VersionLoggerListener log
INFO: CATALINA_HOME:         /home/gerry/Desktop/apache-tomcat-7.0.91
Oct 08, 2018 3:20:08 PM org.apache.catalina.startup.VersionLoggerListener log
INFO: Command line argument: --add-opens=java.base/java.lang=ALL-UNNAMED
Oct 08, 2018 3:20:08 PM org.apache.catalina.startup.VersionLoggerListener log
INFO: Command line argument: --add-opens=java.base/java.io=ALL-UNNAMED
Oct 08, 2018 3:20:08 PM org.apache.catalina.startup.VersionLoggerListener log
INFO: Command line argument: --add-opens=java.rmi/sun.rmi.transport=ALL-UNNAMED
Oct 08, 2018 3:20:08 PM org.apache.catalina.startup.VersionLoggerListener log
INFO: Command line argument: -Djava.util.logging.config.file=/home/gerry/Desktop/apache-tomcat-7.0.91/conf/logging.properties
Oct 08, 2018 3:20:08 PM org.apache.catalina.startup.VersionLoggerListener log
INFO: Command line argument: -Djava.util.logging.manager=org.apache.juli.ClassLoaderLogManager
Oct 08, 2018 3:20:08 PM org.apache.catalina.startup.VersionLoggerListener log
INFO: Command line argument: -Djdk.tls.ephemeralDHKeySize=2048
Oct 08, 2018 3:20:08 PM org.apache.catalina.startup.VersionLoggerListener log
INFO: Command line argument: -Dignore.endorsed.dirs=
Oct 08, 2018 3:20:08 PM org.apache.catalina.startup.VersionLoggerListener log
INFO: Command line argument: -Dcatalina.base=/home/gerry/Desktop/apache-tomcat-7.0.91
Oct 08, 2018 3:20:08 PM org.apache.catalina.startup.VersionLoggerListener log
INFO: Command line argument: -Dcatalina.home=/home/gerry/Desktop/apache-tomcat-7.0.91
Oct 08, 2018 3:20:08 PM org.apache.catalina.startup.VersionLoggerListener log
INFO: Command line argument: -Djava.io.tmpdir=/home/gerry/Desktop/apache-tomcat-7.0.91/temp
Oct 08, 2018 3:20:08 PM org.apache.catalina.core.AprLifecycleListener lifecycleEvent
INFO: The APR based Apache Tomcat Native library which allows optimal performance in production environments was not found on the java.library.path: /usr/java/packages/lib:/usr/lib/x86_64-linux-gnu/jni:/lib/x86_64-linux-gnu:/usr/lib/x86_64-linux-gnu:/usr/lib/jni:/lib:/usr/lib
Oct 08, 2018 3:20:08 PM org.apache.coyote.AbstractProtocol init
INFO: Initializing ProtocolHandler ["http-bio-8080"]
Oct 08, 2018 3:20:08 PM org.apache.coyote.AbstractProtocol init
INFO: Initializing ProtocolHandler ["ajp-bio-8009"]
Oct 08, 2018 3:20:08 PM org.apache.catalina.startup.Catalina load
INFO: Initialization processed in 506 ms
Oct 08, 2018 3:20:08 PM org.apache.catalina.core.StandardService startInternal
INFO: Starting service Catalina
Oct 08, 2018 3:20:08 PM org.apache.catalina.core.StandardEngine startInternal
INFO: Starting Servlet Engine: Apache Tomcat/7.0.91
Oct 08, 2018 3:20:08 PM org.apache.catalina.startup.HostConfig deployDirectory
INFO: Deploying web application directory /home/gerry/Desktop/apache-tomcat-7.0.91/webapps/manager
Oct 08, 2018 3:20:08 PM org.apache.catalina.startup.TldConfig execute
INFO: At least one JAR was scanned for TLDs yet contained no TLDs. Enable debug logging for this logger for a complete list of JARs that were scanned but no TLDs were found in them. Skipping unneeded JARs during scanning can improve startup time and JSP compilation time.
Oct 08, 2018 3:20:08 PM org.apache.catalina.startup.HostConfig deployDirectory
INFO: Deployment of web application directory /home/gerry/Desktop/apache-tomcat-7.0.91/webapps/manager has finished in 455 ms
Oct 08, 2018 3:20:08 PM org.apache.catalina.startup.HostConfig deployDirectory
INFO: Deploying web application directory /home/gerry/Desktop/apache-tomcat-7.0.91/webapps/gallery
Oct 08, 2018 3:20:08 PM org.apache.catalina.startup.TldConfig execute
INFO: At least one JAR was scanned for TLDs yet contained no TLDs. Enable debug logging for this logger for a complete list of JARs that were scanned but no TLDs were found in them. Skipping unneeded JARs during scanning can improve startup time and JSP compilation time.
Oct 08, 2018 3:20:08 PM org.apache.catalina.startup.HostConfig deployDirectory
INFO: Deployment of web application directory /home/gerry/Desktop/apache-tomcat-7.0.91/webapps/gallery has finished in 146 ms
Oct 08, 2018 3:20:08 PM org.apache.catalina.startup.HostConfig deployDirectory
INFO: Deploying web application directory /home/gerry/Desktop/apache-tomcat-7.0.91/webapps/host-manager
Oct 08, 2018 3:20:08 PM org.apache.catalina.startup.TldConfig execute
INFO: At least one JAR was scanned for TLDs yet contained no TLDs. Enable debug logging for this logger for a complete list of JARs that were scanned but no TLDs were found in them. Skipping unneeded JARs during scanning can improve startup time and JSP compilation time.
Oct 08, 2018 3:20:08 PM org.apache.catalina.startup.HostConfig deployDirectory
INFO: Deployment of web application directory /home/gerry/Desktop/apache-tomcat-7.0.91/webapps/host-manager has finished in 129 ms
Oct 08, 2018 3:20:08 PM org.apache.catalina.startup.HostConfig deployDirectory
INFO: Deploying web application directory /home/gerry/Desktop/apache-tomcat-7.0.91/webapps/examples
Oct 08, 2018 3:20:09 PM org.apache.catalina.startup.TldConfig execute
INFO: At least one JAR was scanned for TLDs yet contained no TLDs. Enable debug logging for this logger for a complete list of JARs that were scanned but no TLDs were found in them. Skipping unneeded JARs during scanning can improve startup time and JSP compilation time.
Oct 08, 2018 3:20:09 PM org.apache.catalina.startup.HostConfig deployDirectory
INFO: Deployment of web application directory /home/gerry/Desktop/apache-tomcat-7.0.91/webapps/examples has finished in 247 ms
Oct 08, 2018 3:20:09 PM org.apache.catalina.startup.HostConfig deployDirectory
INFO: Deploying web application directory /home/gerry/Desktop/apache-tomcat-7.0.91/webapps/ROOT
Oct 08, 2018 3:20:09 PM org.apache.catalina.startup.TldConfig execute
INFO: At least one JAR was scanned for TLDs yet contained no TLDs. Enable debug logging for this logger for a complete list of JARs that were scanned but no TLDs were found in them. Skipping unneeded JARs during scanning can improve startup time and JSP compilation time.
Oct 08, 2018 3:20:09 PM org.apache.catalina.startup.HostConfig deployDirectory
INFO: Deployment of web application directory /home/gerry/Desktop/apache-tomcat-7.0.91/webapps/ROOT has finished in 126 ms
Oct 08, 2018 3:20:09 PM org.apache.catalina.startup.HostConfig deployDirectory
INFO: Deploying web application directory /home/gerry/Desktop/apache-tomcat-7.0.91/webapps/docs
Oct 08, 2018 3:20:09 PM org.apache.catalina.startup.TldConfig execute
INFO: At least one JAR was scanned for TLDs yet contained no TLDs. Enable debug logging for this logger for a complete list of JARs that were scanned but no TLDs were found in them. Skipping unneeded JARs during scanning can improve startup time and JSP compilation time.
Oct 08, 2018 3:20:09 PM org.apache.catalina.startup.HostConfig deployDirectory
INFO: Deployment of web application directory /home/gerry/Desktop/apache-tomcat-7.0.91/webapps/docs has finished in 107 ms
Oct 08, 2018 3:20:09 PM org.apache.coyote.AbstractProtocol start
INFO: Starting ProtocolHandler ["http-bio-8080"]
Oct 08, 2018 3:20:09 PM org.apache.coyote.AbstractProtocol start
INFO: Starting ProtocolHandler ["ajp-bio-8009"]
Oct 08, 2018 3:20:09 PM org.apache.catalina.startup.Catalina start
INFO: Server startup in 1308 ms
Oct 08, 2018 3:20:15 PM org.apache.catalina.core.StandardServer await
INFO: A valid shutdown command was received via the shutdown port. Stopping the Server instance.
Oct 08, 2018 3:20:15 PM org.apache.coyote.AbstractProtocol pause
INFO: Pausing ProtocolHandler ["http-bio-8080"]
Oct 08, 2018 3:20:15 PM org.apache.coyote.AbstractProtocol pause
INFO: Pausing ProtocolHandler ["ajp-bio-8009"]
Oct 08, 2018 3:20:15 PM org.apache.catalina.core.StandardService stopInternal
INFO: Stopping service Catalina
Oct 08, 2018 3:20:15 PM org.apache.coyote.AbstractProtocol stop
INFO: Stopping ProtocolHandler ["http-bio-8080"]
Oct 08, 2018 3:20:15 PM org.apache.coyote.AbstractProtocol stop
INFO: Stopping ProtocolHandler ["ajp-bio-8009"]
Oct 08, 2018 3:20:15 PM org.apache.coyote.AbstractProtocol destroy
INFO: Destroying ProtocolHandler ["http-bio-8080"]
Oct 08, 2018 3:20:15 PM org.apache.coyote.AbstractProtocol destroy
INFO: Destroying ProtocolHandler ["ajp-bio-8009"]
Oct 08, 2018 3:23:00 PM org.apache.catalina.startup.VersionLoggerListener log
INFO: Server version:        Apache Tomcat/7.0.91
Oct 08, 2018 3:23:00 PM org.apache.catalina.startup.VersionLoggerListener log
INFO: Server built:          Sep 13 2018 19:52:12 UTC
Oct 08, 2018 3:23:00 PM org.apache.catalina.startup.VersionLoggerListener log
INFO: Server number:         7.0.91.0
Oct 08, 2018 3:23:00 PM org.apache.catalina.startup.VersionLoggerListener log
INFO: OS Name:               Linux
Oct 08, 2018 3:23:00 PM org.apache.catalina.startup.VersionLoggerListener log
INFO: OS Version:            4.15.0-22-generic
Oct 08, 2018 3:23:00 PM org.apache.catalina.startup.VersionLoggerListener log
INFO: Architecture:          amd64
Oct 08, 2018 3:23:00 PM org.apache.catalina.startup.VersionLoggerListener log
INFO: Java Home:             /usr/lib/jvm/java-11-openjdk-amd64
Oct 08, 2018 3:23:00 PM org.apache.catalina.startup.VersionLoggerListener log
INFO: JVM Version:           10.0.1+10-Ubuntu-3ubuntu1
Oct 08, 2018 3:23:00 PM org.apache.catalina.startup.VersionLoggerListener log
INFO: JVM Vendor:            Oracle Corporation
Oct 08, 2018 3:23:00 PM org.apache.catalina.startup.VersionLoggerListener log
INFO: CATALINA_BASE:         /home/gerry/Desktop/apache-tomcat-7.0.91
Oct 08, 2018 3:23:00 PM org.apache.catalina.startup.VersionLoggerListener log
INFO: CATALINA_HOME:         /home/gerry/Desktop/apache-tomcat-7.0.91
Oct 08, 2018 3:23:00 PM org.apache.catalina.startup.VersionLoggerListener log
INFO: Command line argument: --add-opens=java.base/java.lang=ALL-UNNAMED
Oct 08, 2018 3:23:00 PM org.apache.catalina.startup.VersionLoggerListener log
INFO: Command line argument: --add-opens=java.base/java.io=ALL-UNNAMED
Oct 08, 2018 3:23:00 PM org.apache.catalina.startup.VersionLoggerListener log
INFO: Command line argument: --add-opens=java.rmi/sun.rmi.transport=ALL-UNNAMED
Oct 08, 2018 3:23:00 PM org.apache.catalina.startup.VersionLoggerListener log
INFO: Command line argument: -Djava.util.logging.config.file=/home/gerry/Desktop/apache-tomcat-7.0.91/conf/logging.properties
Oct 08, 2018 3:23:00 PM org.apache.catalina.startup.VersionLoggerListener log
INFO: Command line argument: -Djava.util.logging.manager=org.apache.juli.ClassLoaderLogManager
Oct 08, 2018 3:23:00 PM org.apache.catalina.startup.VersionLoggerListener log
INFO: Command line argument: -Djdk.tls.ephemeralDHKeySize=2048
Oct 08, 2018 3:23:00 PM org.apache.catalina.startup.VersionLoggerListener log
INFO: Command line argument: -Dignore.endorsed.dirs=
Oct 08, 2018 3:23:00 PM org.apache.catalina.startup.VersionLoggerListener log
INFO: Command line argument: -Dcatalina.base=/home/gerry/Desktop/apache-tomcat-7.0.91
Oct 08, 2018 3:23:00 PM org.apache.catalina.startup.VersionLoggerListener log
INFO: Command line argument: -Dcatalina.home=/home/gerry/Desktop/apache-tomcat-7.0.91
Oct 08, 2018 3:23:00 PM org.apache.catalina.startup.VersionLoggerListener log
INFO: Command line argument: -Djava.io.tmpdir=/home/gerry/Desktop/apache-tomcat-7.0.91/temp
Oct 08, 2018 3:23:00 PM org.apache.catalina.core.AprLifecycleListener lifecycleEvent
INFO: The APR based Apache Tomcat Native library which allows optimal performance in production environments was not found on the java.library.path: /usr/java/packages/lib:/usr/lib/x86_64-linux-gnu/jni:/lib/x86_64-linux-gnu:/usr/lib/x86_64-linux-gnu:/usr/lib/jni:/lib:/usr/lib
Oct 08, 2018 3:23:00 PM org.apache.coyote.AbstractProtocol init
INFO: Initializing ProtocolHandler ["http-bio-8080"]
Oct 08, 2018 3:23:00 PM org.apache.coyote.AbstractProtocol init
INFO: Initializing ProtocolHandler ["ajp-bio-8009"]
Oct 08, 2018 3:23:00 PM org.apache.catalina.startup.Catalina load
INFO: Initialization processed in 526 ms
Oct 08, 2018 3:23:00 PM org.apache.catalina.core.StandardService startInternal
INFO: Starting service Catalina
Oct 08, 2018 3:23:00 PM org.apache.catalina.core.StandardEngine startInternal
INFO: Starting Servlet Engine: Apache Tomcat/7.0.91
Oct 08, 2018 3:23:00 PM org.apache.catalina.startup.HostConfig deployDirectory
INFO: Deploying web application directory /home/gerry/Desktop/apache-tomcat-7.0.91/webapps/manager
Oct 08, 2018 3:23:01 PM org.apache.catalina.startup.TldConfig execute
INFO: At least one JAR was scanned for TLDs yet contained no TLDs. Enable debug logging for this logger for a complete list of JARs that were scanned but no TLDs were found in them. Skipping unneeded JARs during scanning can improve startup time and JSP compilation time.
Oct 08, 2018 3:23:01 PM org.apache.catalina.startup.HostConfig deployDirectory
INFO: Deployment of web application directory /home/gerry/Desktop/apache-tomcat-7.0.91/webapps/manager has finished in 512 ms
Oct 08, 2018 3:23:01 PM org.apache.catalina.startup.HostConfig deployDirectory
INFO: Deploying web application directory /home/gerry/Desktop/apache-tomcat-7.0.91/webapps/gallery
Oct 08, 2018 3:23:01 PM org.apache.catalina.startup.TldConfig execute
INFO: At least one JAR was scanned for TLDs yet contained no TLDs. Enable debug logging for this logger for a complete list of JARs that were scanned but no TLDs were found in them. Skipping unneeded JARs during scanning can improve startup time and JSP compilation time.
Oct 08, 2018 3:23:01 PM org.apache.catalina.startup.HostConfig deployDirectory
INFO: Deployment of web application directory /home/gerry/Desktop/apache-tomcat-7.0.91/webapps/gallery has finished in 161 ms
Oct 08, 2018 3:23:01 PM org.apache.catalina.startup.HostConfig deployDirectory
INFO: Deploying web application directory /home/gerry/Desktop/apache-tomcat-7.0.91/webapps/host-manager
Oct 08, 2018 3:23:01 PM org.apache.catalina.startup.TldConfig execute
INFO: At least one JAR was scanned for TLDs yet contained no TLDs. Enable debug logging for this logger for a complete list of JARs that were scanned but no TLDs were found in them. Skipping unneeded JARs during scanning can improve startup time and JSP compilation time.
Oct 08, 2018 3:23:01 PM org.apache.catalina.startup.HostConfig deployDirectory
INFO: Deployment of web application directory /home/gerry/Desktop/apache-tomcat-7.0.91/webapps/host-manager has finished in 214 ms
Oct 08, 2018 3:23:01 PM org.apache.catalina.startup.HostConfig deployDirectory
INFO: Deploying web application directory /home/gerry/Desktop/apache-tomcat-7.0.91/webapps/examples
Oct 08, 2018 3:23:02 PM org.apache.catalina.startup.TldConfig execute
INFO: At least one JAR was scanned for TLDs yet contained no TLDs. Enable debug logging for this logger for a complete list of JARs that were scanned but no TLDs were found in them. Skipping unneeded JARs during scanning can improve startup time and JSP compilation time.
Oct 08, 2018 3:23:02 PM org.apache.catalina.startup.HostConfig deployDirectory
INFO: Deployment of web application directory /home/gerry/Desktop/apache-tomcat-7.0.91/webapps/examples has finished in 333 ms
Oct 08, 2018 3:23:02 PM org.apache.catalina.startup.HostConfig deployDirectory
INFO: Deploying web application directory /home/gerry/Desktop/apache-tomcat-7.0.91/webapps/ROOT
Oct 08, 2018 3:23:02 PM org.apache.catalina.startup.TldConfig execute
INFO: At least one JAR was scanned for TLDs yet contained no TLDs. Enable debug logging for this logger for a complete list of JARs that were scanned but no TLDs were found in them. Skipping unneeded JARs during scanning can improve startup time and JSP compilation time.
Oct 08, 2018 3:23:02 PM org.apache.catalina.startup.HostConfig deployDirectory
INFO: Deployment of web application directory /home/gerry/Desktop/apache-tomcat-7.0.91/webapps/ROOT has finished in 107 ms
Oct 08, 2018 3:23:02 PM org.apache.catalina.startup.HostConfig deployDirectory
INFO: Deploying web application directory /home/gerry/Desktop/apache-tomcat-7.0.91/webapps/docs
Oct 08, 2018 3:23:02 PM org.apache.catalina.startup.TldConfig execute
INFO: At least one JAR was scanned for TLDs yet contained no TLDs. Enable debug logging for this logger for a complete list of JARs that were scanned but no TLDs were found in them. Skipping unneeded JARs during scanning can improve startup time and JSP compilation time.
Oct 08, 2018 3:23:02 PM org.apache.catalina.startup.HostConfig deployDirectory
INFO: Deployment of web application directory /home/gerry/Desktop/apache-tomcat-7.0.91/webapps/docs has finished in 117 ms
Oct 08, 2018 3:23:02 PM org.apache.coyote.AbstractProtocol start
INFO: Starting ProtocolHandler ["http-bio-8080"]
Oct 08, 2018 3:23:02 PM org.apache.coyote.AbstractProtocol start
INFO: Starting ProtocolHandler ["ajp-bio-8009"]
Oct 08, 2018 3:23:02 PM org.apache.catalina.startup.Catalina start
INFO: Server startup in 1620 ms
Oct 08, 2018 4:20:54 PM org.apache.catalina.startup.VersionLoggerListener log
INFO: Server version:        Apache Tomcat/7.0.91
Oct 08, 2018 4:20:54 PM org.apache.catalina.startup.VersionLoggerListener log
INFO: Server built:          Sep 13 2018 19:52:12 UTC
Oct 08, 2018 4:20:54 PM org.apache.catalina.startup.VersionLoggerListener log
INFO: Server number:         7.0.91.0
Oct 08, 2018 4:20:54 PM org.apache.catalina.startup.VersionLoggerListener log
INFO: OS Name:               Linux
Oct 08, 2018 4:20:54 PM org.apache.catalina.startup.VersionLoggerListener log
INFO: OS Version:            4.15.0-22-generic
Oct 08, 2018 4:20:54 PM org.apache.catalina.startup.VersionLoggerListener log
INFO: Architecture:          amd64
Oct 08, 2018 4:20:54 PM org.apache.catalina.startup.VersionLoggerListener log
INFO: Java Home:             /usr/lib/jvm/java-11-openjdk-amd64
Oct 08, 2018 4:20:54 PM org.apache.catalina.startup.VersionLoggerListener log
INFO: JVM Version:           10.0.1+10-Ubuntu-3ubuntu1
Oct 08, 2018 4:20:54 PM org.apache.catalina.startup.VersionLoggerListener log
INFO: JVM Vendor:            Oracle Corporation
Oct 08, 2018 4:20:54 PM org.apache.catalina.startup.VersionLoggerListener log
INFO: CATALINA_BASE:         /home/gerry/Desktop/apache-tomcat-7.0.91
Oct 08, 2018 4:20:54 PM org.apache.catalina.startup.VersionLoggerListener log
INFO: CATALINA_HOME:         /home/gerry/Desktop/apache-tomcat-7.0.91
Oct 08, 2018 4:20:54 PM org.apache.catalina.startup.VersionLoggerListener log
INFO: Command line argument: --add-opens=java.base/java.lang=ALL-UNNAMED
Oct 08, 2018 4:20:54 PM org.apache.catalina.startup.VersionLoggerListener log
INFO: Command line argument: --add-opens=java.base/java.io=ALL-UNNAMED
Oct 08, 2018 4:20:54 PM org.apache.catalina.startup.VersionLoggerListener log
INFO: Command line argument: --add-opens=java.rmi/sun.rmi.transport=ALL-UNNAMED
Oct 08, 2018 4:20:54 PM org.apache.catalina.startup.VersionLoggerListener log
INFO: Command line argument: -Djava.util.logging.config.file=/home/gerry/Desktop/apache-tomcat-7.0.91/conf/logging.properties
Oct 08, 2018 4:20:54 PM org.apache.catalina.startup.VersionLoggerListener log
INFO: Command line argument: -Djava.util.logging.manager=org.apache.juli.ClassLoaderLogManager
Oct 08, 2018 4:20:54 PM org.apache.catalina.startup.VersionLoggerListener log
INFO: Command line argument: -Djdk.tls.ephemeralDHKeySize=2048
Oct 08, 2018 4:20:54 PM org.apache.catalina.startup.VersionLoggerListener log
INFO: Command line argument: -Dignore.endorsed.dirs=
Oct 08, 2018 4:20:54 PM org.apache.catalina.startup.VersionLoggerListener log
INFO: Command line argument: -Dcatalina.base=/home/gerry/Desktop/apache-tomcat-7.0.91
Oct 08, 2018 4:20:54 PM org.apache.catalina.startup.VersionLoggerListener log
INFO: Command line argument: -Dcatalina.home=/home/gerry/Desktop/apache-tomcat-7.0.91
Oct 08, 2018 4:20:54 PM org.apache.catalina.startup.VersionLoggerListener log
INFO: Command line argument: -Djava.io.tmpdir=/home/gerry/Desktop/apache-tomcat-7.0.91/temp
Oct 08, 2018 4:20:54 PM org.apache.catalina.core.AprLifecycleListener lifecycleEvent
INFO: The APR based Apache Tomcat Native library which allows optimal performance in production environments was not found on the java.library.path: /usr/java/packages/lib:/usr/lib/x86_64-linux-gnu/jni:/lib/x86_64-linux-gnu:/usr/lib/x86_64-linux-gnu:/usr/lib/jni:/lib:/usr/lib
Oct 08, 2018 4:20:55 PM org.apache.coyote.AbstractProtocol init
INFO: Initializing ProtocolHandler ["http-bio-8080"]
Oct 08, 2018 4:20:55 PM org.apache.coyote.AbstractProtocol init
INFO: Initializing ProtocolHandler ["ajp-bio-8009"]
Oct 08, 2018 4:20:55 PM org.apache.catalina.startup.Catalina load
INFO: Initialization processed in 6678 ms
Oct 08, 2018 4:20:55 PM org.apache.catalina.core.StandardService startInternal
INFO: Starting service Catalina
Oct 08, 2018 4:20:55 PM org.apache.catalina.core.StandardEngine startInternal
INFO: Starting Servlet Engine: Apache Tomcat/7.0.91
Oct 08, 2018 4:20:55 PM org.apache.catalina.startup.HostConfig deployDirectory
INFO: Deploying web application directory /home/gerry/Desktop/apache-tomcat-7.0.91/webapps/manager
Oct 08, 2018 4:20:57 PM org.apache.catalina.startup.TldConfig execute
INFO: At least one JAR was scanned for TLDs yet contained no TLDs. Enable debug logging for this logger for a complete list of JARs that were scanned but no TLDs were found in them. Skipping unneeded JARs during scanning can improve startup time and JSP compilation time.
Oct 08, 2018 4:20:57 PM org.apache.catalina.util.SessionIdGeneratorBase createSecureRandom
WARNING: Creation of SecureRandom instance for session ID generation using [SHA1PRNG] took [101] milliseconds.
Oct 08, 2018 4:20:58 PM org.apache.catalina.startup.HostConfig deployDirectory
INFO: Deployment of web application directory /home/gerry/Desktop/apache-tomcat-7.0.91/webapps/manager has finished in 2,175 ms
Oct 08, 2018 4:20:58 PM org.apache.catalina.startup.HostConfig deployDirectory
INFO: Deploying web application directory /home/gerry/Desktop/apache-tomcat-7.0.91/webapps/gallery
Oct 08, 2018 4:20:58 PM org.apache.catalina.startup.TldConfig execute
INFO: At least one JAR was scanned for TLDs yet contained no TLDs. Enable debug logging for this logger for a complete list of JARs that were scanned but no TLDs were found in them. Skipping unneeded JARs during scanning can improve startup time and JSP compilation time.
Oct 08, 2018 4:20:58 PM org.apache.catalina.startup.HostConfig deployDirectory
INFO: Deployment of web application directory /home/gerry/Desktop/apache-tomcat-7.0.91/webapps/gallery has finished in 153 ms
Oct 08, 2018 4:20:58 PM org.apache.catalina.startup.HostConfig deployDirectory
INFO: Deploying web application directory /home/gerry/Desktop/apache-tomcat-7.0.91/webapps/host-manager
Oct 08, 2018 4:20:58 PM org.apache.catalina.startup.TldConfig execute
INFO: At least one JAR was scanned for TLDs yet contained no TLDs. Enable debug logging for this logger for a complete list of JARs that were scanned but no TLDs were found in them. Skipping unneeded JARs during scanning can improve startup time and JSP compilation time.
Oct 08, 2018 4:20:58 PM org.apache.catalina.startup.HostConfig deployDirectory
INFO: Deployment of web application directory /home/gerry/Desktop/apache-tomcat-7.0.91/webapps/host-manager has finished in 145 ms
Oct 08, 2018 4:20:58 PM org.apache.catalina.startup.HostConfig deployDirectory
INFO: Deploying web application directory /home/gerry/Desktop/apache-tomcat-7.0.91/webapps/examples
Oct 08, 2018 4:20:58 PM org.apache.catalina.startup.TldConfig execute
INFO: At least one JAR was scanned for TLDs yet contained no TLDs. Enable debug logging for this logger for a complete list of JARs that were scanned but no TLDs were found in them. Skipping unneeded JARs during scanning can improve startup time and JSP compilation time.
Oct 08, 2018 4:20:58 PM org.apache.catalina.startup.HostConfig deployDirectory
INFO: Deployment of web application directory /home/gerry/Desktop/apache-tomcat-7.0.91/webapps/examples has finished in 468 ms
Oct 08, 2018 4:20:58 PM org.apache.catalina.startup.HostConfig deployDirectory
INFO: Deploying web application directory /home/gerry/Desktop/apache-tomcat-7.0.91/webapps/ROOT
Oct 08, 2018 4:20:58 PM org.apache.catalina.startup.TldConfig execute
INFO: At least one JAR was scanned for TLDs yet contained no TLDs. Enable debug logging for this logger for a complete list of JARs that were scanned but no TLDs were found in them. Skipping unneeded JARs during scanning can improve startup time and JSP compilation time.
Oct 08, 2018 4:20:58 PM org.apache.catalina.startup.HostConfig deployDirectory
INFO: Deployment of web application directory /home/gerry/Desktop/apache-tomcat-7.0.91/webapps/ROOT has finished in 152 ms
Oct 08, 2018 4:20:58 PM org.apache.catalina.startup.HostConfig deployDirectory
INFO: Deploying web application directory /home/gerry/Desktop/apache-tomcat-7.0.91/webapps/docs
Oct 08, 2018 4:20:59 PM org.apache.catalina.startup.TldConfig execute
INFO: At least one JAR was scanned for TLDs yet contained no TLDs. Enable debug logging for this logger for a complete list of JARs that were scanned but no TLDs were found in them. Skipping unneeded JARs during scanning can improve startup time and JSP compilation time.
Oct 08, 2018 4:20:59 PM org.apache.catalina.startup.HostConfig deployDirectory
INFO: Deployment of web application directory /home/gerry/Desktop/apache-tomcat-7.0.91/webapps/docs has finished in 111 ms
Oct 08, 2018 4:20:59 PM org.apache.coyote.AbstractProtocol start
INFO: Starting ProtocolHandler ["http-bio-8080"]
Oct 08, 2018 4:20:59 PM org.apache.coyote.AbstractProtocol start
INFO: Starting ProtocolHandler ["ajp-bio-8009"]
Oct 08, 2018 4:20:59 PM org.apache.catalina.startup.Catalina start
INFO: Server startup in 3670 ms
Oct 08, 2018 4:33:03 PM org.apache.catalina.startup.VersionLoggerListener log
INFO: Server version:        Apache Tomcat/7.0.91
Oct 08, 2018 4:33:03 PM org.apache.catalina.startup.VersionLoggerListener log
INFO: Server built:          Sep 13 2018 19:52:12 UTC
Oct 08, 2018 4:33:03 PM org.apache.catalina.startup.VersionLoggerListener log
INFO: Server number:         7.0.91.0
Oct 08, 2018 4:33:03 PM org.apache.catalina.startup.VersionLoggerListener log
INFO: OS Name:               Linux
Oct 08, 2018 4:33:03 PM org.apache.catalina.startup.VersionLoggerListener log
INFO: OS Version:            4.15.0-22-generic
Oct 08, 2018 4:33:03 PM org.apache.catalina.startup.VersionLoggerListener log
INFO: Architecture:          amd64
Oct 08, 2018 4:33:03 PM org.apache.catalina.startup.VersionLoggerListener log
INFO: Java Home:             /usr/lib/jvm/java-11-openjdk-amd64
Oct 08, 2018 4:33:03 PM org.apache.catalina.startup.VersionLoggerListener log
INFO: JVM Version:           10.0.1+10-Ubuntu-3ubuntu1
Oct 08, 2018 4:33:03 PM org.apache.catalina.startup.VersionLoggerListener log
INFO: JVM Vendor:            Oracle Corporation
Oct 08, 2018 4:33:03 PM org.apache.catalina.startup.VersionLoggerListener log
INFO: CATALINA_BASE:         /home/gerry/Desktop/apache-tomcat-7.0.91
Oct 08, 2018 4:33:03 PM org.apache.catalina.startup.VersionLoggerListener log
INFO: CATALINA_HOME:         /home/gerry/Desktop/apache-tomcat-7.0.91
Oct 08, 2018 4:33:03 PM org.apache.catalina.startup.VersionLoggerListener log
INFO: Command line argument: --add-opens=java.base/java.lang=ALL-UNNAMED
Oct 08, 2018 4:33:03 PM org.apache.catalina.startup.VersionLoggerListener log
INFO: Command line argument: --add-opens=java.base/java.io=ALL-UNNAMED
Oct 08, 2018 4:33:03 PM org.apache.catalina.startup.VersionLoggerListener log
INFO: Command line argument: --add-opens=java.rmi/sun.rmi.transport=ALL-UNNAMED
Oct 08, 2018 4:33:03 PM org.apache.catalina.startup.VersionLoggerListener log
INFO: Command line argument: -Djava.util.logging.config.file=/home/gerry/Desktop/apache-tomcat-7.0.91/conf/logging.properties
Oct 08, 2018 4:33:03 PM org.apache.catalina.startup.VersionLoggerListener log
INFO: Command line argument: -Djava.util.logging.manager=org.apache.juli.ClassLoaderLogManager
Oct 08, 2018 4:33:03 PM org.apache.catalina.startup.VersionLoggerListener log
INFO: Command line argument: -Djdk.tls.ephemeralDHKeySize=2048
Oct 08, 2018 4:33:03 PM org.apache.catalina.startup.VersionLoggerListener log
INFO: Command line argument: -Dignore.endorsed.dirs=
Oct 08, 2018 4:33:03 PM org.apache.catalina.startup.VersionLoggerListener log
INFO: Command line argument: -Dcatalina.base=/home/gerry/Desktop/apache-tomcat-7.0.91
Oct 08, 2018 4:33:03 PM org.apache.catalina.startup.VersionLoggerListener log
INFO: Command line argument: -Dcatalina.home=/home/gerry/Desktop/apache-tomcat-7.0.91
Oct 08, 2018 4:33:03 PM org.apache.catalina.startup.VersionLoggerListener log
INFO: Command line argument: -Djava.io.tmpdir=/home/gerry/Desktop/apache-tomcat-7.0.91/temp
Oct 08, 2018 4:33:03 PM org.apache.catalina.core.AprLifecycleListener lifecycleEvent
INFO: The APR based Apache Tomcat Native library which allows optimal performance in production environments was not found on the java.library.path: /usr/java/packages/lib:/usr/lib/x86_64-linux-gnu/jni:/lib/x86_64-linux-gnu:/usr/lib/x86_64-linux-gnu:/usr/lib/jni:/lib:/usr/lib
Oct 08, 2018 4:33:03 PM org.apache.coyote.AbstractProtocol init
INFO: Initializing ProtocolHandler ["http-bio-8080"]
Oct 08, 2018 4:33:04 PM org.apache.coyote.AbstractProtocol init
INFO: Initializing ProtocolHandler ["ajp-bio-8009"]
Oct 08, 2018 4:33:04 PM org.apache.catalina.startup.Catalina load
INFO: Initialization processed in 4513 ms
Oct 08, 2018 4:33:04 PM org.apache.catalina.core.StandardService startInternal
INFO: Starting service Catalina
Oct 08, 2018 4:33:04 PM org.apache.catalina.core.StandardEngine startInternal
INFO: Starting Servlet Engine: Apache Tomcat/7.0.91
Oct 08, 2018 4:33:04 PM org.apache.catalina.startup.HostConfig deployDirectory
INFO: Deploying web application directory /home/gerry/Desktop/apache-tomcat-7.0.91/webapps/manager
Oct 08, 2018 4:33:07 PM org.apache.catalina.startup.TldConfig execute
INFO: At least one JAR was scanned for TLDs yet contained no TLDs. Enable debug logging for this logger for a complete list of JARs that were scanned but no TLDs were found in them. Skipping unneeded JARs during scanning can improve startup time and JSP compilation time.
Oct 08, 2018 4:33:07 PM org.apache.catalina.util.SessionIdGeneratorBase createSecureRandom
WARNING: Creation of SecureRandom instance for session ID generation using [SHA1PRNG] took [372] milliseconds.
Oct 08, 2018 4:33:07 PM org.apache.catalina.startup.HostConfig deployDirectory
INFO: Deployment of web application directory /home/gerry/Desktop/apache-tomcat-7.0.91/webapps/manager has finished in 3,062 ms
Oct 08, 2018 4:33:07 PM org.apache.catalina.startup.HostConfig deployDirectory
INFO: Deploying web application directory /home/gerry/Desktop/apache-tomcat-7.0.91/webapps/gallery
Oct 08, 2018 4:33:08 PM org.apache.catalina.startup.TldConfig execute
INFO: At least one JAR was scanned for TLDs yet contained no TLDs. Enable debug logging for this logger for a complete list of JARs that were scanned but no TLDs were found in them. Skipping unneeded JARs during scanning can improve startup time and JSP compilation time.
Oct 08, 2018 4:33:08 PM org.apache.catalina.startup.HostConfig deployDirectory
INFO: Deployment of web application directory /home/gerry/Desktop/apache-tomcat-7.0.91/webapps/gallery has finished in 271 ms
Oct 08, 2018 4:33:08 PM org.apache.catalina.startup.HostConfig deployDirectory
INFO: Deploying web application directory /home/gerry/Desktop/apache-tomcat-7.0.91/webapps/host-manager
Oct 08, 2018 4:33:08 PM org.apache.catalina.startup.TldConfig execute
INFO: At least one JAR was scanned for TLDs yet contained no TLDs. Enable debug logging for this logger for a complete list of JARs that were scanned but no TLDs were found in them. Skipping unneeded JARs during scanning can improve startup time and JSP compilation time.
Oct 08, 2018 4:33:08 PM org.apache.catalina.startup.HostConfig deployDirectory
INFO: Deployment of web application directory /home/gerry/Desktop/apache-tomcat-7.0.91/webapps/host-manager has finished in 188 ms
Oct 08, 2018 4:33:08 PM org.apache.catalina.startup.HostConfig deployDirectory
INFO: Deploying web application directory /home/gerry/Desktop/apache-tomcat-7.0.91/webapps/examples
Oct 08, 2018 4:33:09 PM org.apache.catalina.startup.TldConfig execute
INFO: At least one JAR was scanned for TLDs yet contained no TLDs. Enable debug logging for this logger for a complete list of JARs that were scanned but no TLDs were found in them. Skipping unneeded JARs during scanning can improve startup time and JSP compilation time.
Oct 08, 2018 4:33:09 PM org.apache.catalina.startup.HostConfig deployDirectory
INFO: Deployment of web application directory /home/gerry/Desktop/apache-tomcat-7.0.91/webapps/examples has finished in 1,078 ms
Oct 08, 2018 4:33:09 PM org.apache.catalina.startup.HostConfig deployDirectory
INFO: Deploying web application directory /home/gerry/Desktop/apache-tomcat-7.0.91/webapps/ROOT
Oct 08, 2018 4:33:09 PM org.apache.catalina.startup.TldConfig execute
INFO: At least one JAR was scanned for TLDs yet contained no TLDs. Enable debug logging for this logger for a complete list of JARs that were scanned but no TLDs were found in them. Skipping unneeded JARs during scanning can improve startup time and JSP compilation time.
Oct 08, 2018 4:33:09 PM org.apache.catalina.startup.HostConfig deployDirectory
INFO: Deployment of web application directory /home/gerry/Desktop/apache-tomcat-7.0.91/webapps/ROOT has finished in 192 ms
Oct 08, 2018 4:33:09 PM org.apache.catalina.startup.HostConfig deployDirectory
INFO: Deploying web application directory /home/gerry/Desktop/apache-tomcat-7.0.91/webapps/docs
Oct 08, 2018 4:33:09 PM org.apache.catalina.startup.TldConfig execute
INFO: At least one JAR was scanned for TLDs yet contained no TLDs. Enable debug logging for this logger for a complete list of JARs that were scanned but no TLDs were found in them. Skipping unneeded JARs during scanning can improve startup time and JSP compilation time.
Oct 08, 2018 4:33:09 PM org.apache.catalina.startup.HostConfig deployDirectory
INFO: Deployment of web application directory /home/gerry/Desktop/apache-tomcat-7.0.91/webapps/docs has finished in 131 ms
Oct 08, 2018 4:33:09 PM org.apache.coyote.AbstractProtocol start
INFO: Starting ProtocolHandler ["http-bio-8080"]
Oct 08, 2018 4:33:09 PM org.apache.coyote.AbstractProtocol start
INFO: Starting ProtocolHandler ["ajp-bio-8009"]
Oct 08, 2018 4:33:09 PM org.apache.catalina.startup.Catalina start
INFO: Server startup in 5431 ms
