Oct 03, 2018 8:42:35 PM org.apache.catalina.startup.VersionLoggerListener log
INFO: Server version:        Apache Tomcat/7.0.91
Oct 03, 2018 8:42:35 PM org.apache.catalina.startup.VersionLoggerListener log
INFO: Server built:          Sep 13 2018 19:52:12 UTC
Oct 03, 2018 8:42:35 PM org.apache.catalina.startup.VersionLoggerListener log
INFO: Server number:         7.0.91.0
Oct 03, 2018 8:42:35 PM org.apache.catalina.startup.VersionLoggerListener log
INFO: OS Name:               Linux
Oct 03, 2018 8:42:35 PM org.apache.catalina.startup.VersionLoggerListener log
INFO: OS Version:            4.15.0-22-generic
Oct 03, 2018 8:42:35 PM org.apache.catalina.startup.VersionLoggerListener log
INFO: Architecture:          amd64
Oct 03, 2018 8:42:35 PM org.apache.catalina.startup.VersionLoggerListener log
INFO: Java Home:             /usr/lib/jvm/java-11-openjdk-amd64
Oct 03, 2018 8:42:35 PM org.apache.catalina.startup.VersionLoggerListener log
INFO: JVM Version:           10.0.1+10-Ubuntu-3ubuntu1
Oct 03, 2018 8:42:35 PM org.apache.catalina.startup.VersionLoggerListener log
INFO: JVM Vendor:            Oracle Corporation
Oct 03, 2018 8:42:35 PM org.apache.catalina.startup.VersionLoggerListener log
INFO: CATALINA_BASE:         /home/gerry/Desktop/apache-tomcat-7.0.91
Oct 03, 2018 8:42:35 PM org.apache.catalina.startup.VersionLoggerListener log
INFO: CATALINA_HOME:         /home/gerry/Desktop/apache-tomcat-7.0.91
Oct 03, 2018 8:42:35 PM org.apache.catalina.startup.VersionLoggerListener log
INFO: Command line argument: --add-opens=java.base/java.lang=ALL-UNNAMED
Oct 03, 2018 8:42:35 PM org.apache.catalina.startup.VersionLoggerListener log
INFO: Command line argument: --add-opens=java.base/java.io=ALL-UNNAMED
Oct 03, 2018 8:42:35 PM org.apache.catalina.startup.VersionLoggerListener log
INFO: Command line argument: --add-opens=java.rmi/sun.rmi.transport=ALL-UNNAMED
Oct 03, 2018 8:42:35 PM org.apache.catalina.startup.VersionLoggerListener log
INFO: Command line argument: -Djava.util.logging.config.file=/home/gerry/Desktop/apache-tomcat-7.0.91/conf/logging.properties
Oct 03, 2018 8:42:35 PM org.apache.catalina.startup.VersionLoggerListener log
INFO: Command line argument: -Djava.util.logging.manager=org.apache.juli.ClassLoaderLogManager
Oct 03, 2018 8:42:35 PM org.apache.catalina.startup.VersionLoggerListener log
INFO: Command line argument: -Djdk.tls.ephemeralDHKeySize=2048
Oct 03, 2018 8:42:35 PM org.apache.catalina.startup.VersionLoggerListener log
INFO: Command line argument: -Dignore.endorsed.dirs=
Oct 03, 2018 8:42:35 PM org.apache.catalina.startup.VersionLoggerListener log
INFO: Command line argument: -Dcatalina.base=/home/gerry/Desktop/apache-tomcat-7.0.91
Oct 03, 2018 8:42:35 PM org.apache.catalina.startup.VersionLoggerListener log
INFO: Command line argument: -Dcatalina.home=/home/gerry/Desktop/apache-tomcat-7.0.91
Oct 03, 2018 8:42:35 PM org.apache.catalina.startup.VersionLoggerListener log
INFO: Command line argument: -Djava.io.tmpdir=/home/gerry/Desktop/apache-tomcat-7.0.91/temp
Oct 03, 2018 8:42:35 PM org.apache.catalina.core.AprLifecycleListener lifecycleEvent
INFO: The APR based Apache Tomcat Native library which allows optimal performance in production environments was not found on the java.library.path: /usr/java/packages/lib:/usr/lib/x86_64-linux-gnu/jni:/lib/x86_64-linux-gnu:/usr/lib/x86_64-linux-gnu:/usr/lib/jni:/lib:/usr/lib
Oct 03, 2018 8:42:35 PM org.apache.coyote.AbstractProtocol init
INFO: Initializing ProtocolHandler ["http-bio-8080"]
Oct 03, 2018 8:42:35 PM org.apache.coyote.AbstractProtocol init
INFO: Initializing ProtocolHandler ["ajp-bio-8009"]
Oct 03, 2018 8:42:35 PM org.apache.catalina.startup.Catalina load
INFO: Initialization processed in 2984 ms
Oct 03, 2018 8:42:35 PM org.apache.catalina.core.StandardService startInternal
INFO: Starting service Catalina
Oct 03, 2018 8:42:35 PM org.apache.catalina.core.StandardEngine startInternal
INFO: Starting Servlet Engine: Apache Tomcat/7.0.91
Oct 03, 2018 8:42:35 PM org.apache.catalina.startup.HostConfig deployDirectory
INFO: Deploying web application directory /home/gerry/Desktop/apache-tomcat-7.0.91/webapps/manager
Oct 03, 2018 8:42:36 PM org.apache.catalina.startup.TldConfig execute
INFO: At least one JAR was scanned for TLDs yet contained no TLDs. Enable debug logging for this logger for a complete list of JARs that were scanned but no TLDs were found in them. Skipping unneeded JARs during scanning can improve startup time and JSP compilation time.
Oct 03, 2018 8:42:37 PM org.apache.catalina.startup.HostConfig deployDirectory
INFO: Deployment of web application directory /home/gerry/Desktop/apache-tomcat-7.0.91/webapps/manager has finished in 1,403 ms
Oct 03, 2018 8:42:37 PM org.apache.catalina.startup.HostConfig deployDirectory
INFO: Deploying web application directory /home/gerry/Desktop/apache-tomcat-7.0.91/webapps/gallery
Oct 03, 2018 8:42:37 PM org.apache.catalina.startup.TldConfig execute
INFO: At least one JAR was scanned for TLDs yet contained no TLDs. Enable debug logging for this logger for a complete list of JARs that were scanned but no TLDs were found in them. Skipping unneeded JARs during scanning can improve startup time and JSP compilation time.
Oct 03, 2018 8:42:37 PM org.apache.catalina.session.StandardManager doLoad
SEVERE: IOException while loading persisted sessions: java.io.EOFException
java.io.EOFException
	at java.base/java.io.ObjectInputStream$PeekInputStream.readFully(ObjectInputStream.java:2754)
	at java.base/java.io.ObjectInputStream$BlockDataInputStream.readShort(ObjectInputStream.java:3249)
	at java.base/java.io.ObjectInputStream.readStreamHeader(ObjectInputStream.java:865)
	at java.base/java.io.ObjectInputStream.<init>(ObjectInputStream.java:342)
	at org.apache.catalina.util.CustomObjectInputStream.<init>(CustomObjectInputStream.java:95)
	at org.apache.catalina.session.StandardManager.doLoad(StandardManager.java:223)
	at org.apache.catalina.session.StandardManager.load(StandardManager.java:176)
	at org.apache.catalina.session.StandardManager.startInternal(StandardManager.java:465)
	at org.apache.catalina.util.LifecycleBase.start(LifecycleBase.java:145)
	at org.apache.catalina.core.StandardContext.startInternal(StandardContext.java:5690)
	at org.apache.catalina.util.LifecycleBase.start(LifecycleBase.java:145)
	at org.apache.catalina.core.ContainerBase.addChildInternal(ContainerBase.java:1018)
	at org.apache.catalina.core.ContainerBase.addChild(ContainerBase.java:994)
	at org.apache.catalina.core.StandardHost.addChild(StandardHost.java:652)
	at org.apache.catalina.startup.HostConfig.deployDirectory(HostConfig.java:1296)
	at org.apache.catalina.startup.HostConfig$DeployDirectory.run(HostConfig.java:2039)
	at java.base/java.util.concurrent.Executors$RunnableAdapter.call(Executors.java:514)
	at java.base/java.util.concurrent.FutureTask.run(FutureTask.java:264)
	at java.base/java.util.concurrent.ThreadPoolExecutor.runWorker(ThreadPoolExecutor.java:1135)
	at java.base/java.util.concurrent.ThreadPoolExecutor$Worker.run(ThreadPoolExecutor.java:635)
	at java.base/java.lang.Thread.run(Thread.java:844)

Oct 03, 2018 8:42:37 PM org.apache.catalina.session.StandardManager startInternal
SEVERE: Exception loading sessions from persistent storage
java.io.EOFException
	at java.base/java.io.ObjectInputStream$PeekInputStream.readFully(ObjectInputStream.java:2754)
	at java.base/java.io.ObjectInputStream$BlockDataInputStream.readShort(ObjectInputStream.java:3249)
	at java.base/java.io.ObjectInputStream.readStreamHeader(ObjectInputStream.java:865)
	at java.base/java.io.ObjectInputStream.<init>(ObjectInputStream.java:342)
	at org.apache.catalina.util.CustomObjectInputStream.<init>(CustomObjectInputStream.java:95)
	at org.apache.catalina.session.StandardManager.doLoad(StandardManager.java:223)
	at org.apache.catalina.session.StandardManager.load(StandardManager.java:176)
	at org.apache.catalina.session.StandardManager.startInternal(StandardManager.java:465)
	at org.apache.catalina.util.LifecycleBase.start(LifecycleBase.java:145)
	at org.apache.catalina.core.StandardContext.startInternal(StandardContext.java:5690)
	at org.apache.catalina.util.LifecycleBase.start(LifecycleBase.java:145)
	at org.apache.catalina.core.ContainerBase.addChildInternal(ContainerBase.java:1018)
	at org.apache.catalina.core.ContainerBase.addChild(ContainerBase.java:994)
	at org.apache.catalina.core.StandardHost.addChild(StandardHost.java:652)
	at org.apache.catalina.startup.HostConfig.deployDirectory(HostConfig.java:1296)
	at org.apache.catalina.startup.HostConfig$DeployDirectory.run(HostConfig.java:2039)
	at java.base/java.util.concurrent.Executors$RunnableAdapter.call(Executors.java:514)
	at java.base/java.util.concurrent.FutureTask.run(FutureTask.java:264)
	at java.base/java.util.concurrent.ThreadPoolExecutor.runWorker(ThreadPoolExecutor.java:1135)
	at java.base/java.util.concurrent.ThreadPoolExecutor$Worker.run(ThreadPoolExecutor.java:635)
	at java.base/java.lang.Thread.run(Thread.java:844)

Oct 03, 2018 8:42:37 PM org.apache.catalina.startup.HostConfig deployDirectory
INFO: Deployment of web application directory /home/gerry/Desktop/apache-tomcat-7.0.91/webapps/gallery has finished in 117 ms
Oct 03, 2018 8:42:37 PM org.apache.catalina.startup.HostConfig deployDirectory
INFO: Deploying web application directory /home/gerry/Desktop/apache-tomcat-7.0.91/webapps/host-manager
Oct 03, 2018 8:42:37 PM org.apache.catalina.startup.TldConfig execute
INFO: At least one JAR was scanned for TLDs yet contained no TLDs. Enable debug logging for this logger for a complete list of JARs that were scanned but no TLDs were found in them. Skipping unneeded JARs during scanning can improve startup time and JSP compilation time.
Oct 03, 2018 8:42:37 PM org.apache.catalina.startup.HostConfig deployDirectory
INFO: Deployment of web application directory /home/gerry/Desktop/apache-tomcat-7.0.91/webapps/host-manager has finished in 71 ms
Oct 03, 2018 8:42:37 PM org.apache.catalina.startup.HostConfig deployDirectory
INFO: Deploying web application directory /home/gerry/Desktop/apache-tomcat-7.0.91/webapps/examples
Oct 03, 2018 8:42:37 PM org.apache.catalina.startup.TldConfig execute
INFO: At least one JAR was scanned for TLDs yet contained no TLDs. Enable debug logging for this logger for a complete list of JARs that were scanned but no TLDs were found in them. Skipping unneeded JARs during scanning can improve startup time and JSP compilation time.
Oct 03, 2018 8:42:37 PM org.apache.catalina.startup.HostConfig deployDirectory
INFO: Deployment of web application directory /home/gerry/Desktop/apache-tomcat-7.0.91/webapps/examples has finished in 422 ms
Oct 03, 2018 8:42:37 PM org.apache.catalina.startup.HostConfig deployDirectory
INFO: Deploying web application directory /home/gerry/Desktop/apache-tomcat-7.0.91/webapps/ROOT
Oct 03, 2018 8:42:37 PM org.apache.catalina.startup.TldConfig execute
INFO: At least one JAR was scanned for TLDs yet contained no TLDs. Enable debug logging for this logger for a complete list of JARs that were scanned but no TLDs were found in them. Skipping unneeded JARs during scanning can improve startup time and JSP compilation time.
Oct 03, 2018 8:42:37 PM org.apache.catalina.startup.HostConfig deployDirectory
INFO: Deployment of web application directory /home/gerry/Desktop/apache-tomcat-7.0.91/webapps/ROOT has finished in 41 ms
Oct 03, 2018 8:42:37 PM org.apache.catalina.startup.HostConfig deployDirectory
INFO: Deploying web application directory /home/gerry/Desktop/apache-tomcat-7.0.91/webapps/docs
Oct 03, 2018 8:42:37 PM org.apache.catalina.startup.TldConfig execute
INFO: At least one JAR was scanned for TLDs yet contained no TLDs. Enable debug logging for this logger for a complete list of JARs that were scanned but no TLDs were found in them. Skipping unneeded JARs during scanning can improve startup time and JSP compilation time.
Oct 03, 2018 8:42:37 PM org.apache.catalina.startup.HostConfig deployDirectory
INFO: Deployment of web application directory /home/gerry/Desktop/apache-tomcat-7.0.91/webapps/docs has finished in 34 ms
Oct 03, 2018 8:42:37 PM org.apache.coyote.AbstractProtocol start
INFO: Starting ProtocolHandler ["http-bio-8080"]
Oct 03, 2018 8:42:37 PM org.apache.coyote.AbstractProtocol start
INFO: Starting ProtocolHandler ["ajp-bio-8009"]
Oct 03, 2018 8:42:37 PM org.apache.catalina.startup.Catalina start
INFO: Server startup in 2351 ms
